Performing C SOURCE FILE Test CMAKE_HAVE_LIBC_PTHREAD failed with the following output:
Change Dir: /home/sumun/Desktop/Bachelorthesis/dace/.dacecache/getStarted/build/CMakeFiles/CMakeTmp

Run Build Command(s):/bin/make cmTC_e42fd/fast && /bin/make  -f CMakeFiles/cmTC_e42fd.dir/build.make CMakeFiles/cmTC_e42fd.dir/build
make[1]: Entering directory '/home/sumun/Desktop/Bachelorthesis/dace/.dacecache/getStarted/build/CMakeFiles/CMakeTmp'
Building C object CMakeFiles/cmTC_e42fd.dir/src.c.o
/bin/cc   -DCMAKE_HAVE_LIBC_PTHREAD -o CMakeFiles/cmTC_e42fd.dir/src.c.o -c /home/sumun/Desktop/Bachelorthesis/dace/.dacecache/getStarted/build/CMakeFiles/CMakeTmp/src.c
Linking C executable cmTC_e42fd
/home/sumun/.local/lib/python3.8/site-packages/cmake/data/bin/cmake -E cmake_link_script CMakeFiles/cmTC_e42fd.dir/link.txt --verbose=1
/bin/cc  -DCMAKE_HAVE_LIBC_PTHREAD -rdynamic CMakeFiles/cmTC_e42fd.dir/src.c.o -o cmTC_e42fd 
/bin/ld: CMakeFiles/cmTC_e42fd.dir/src.c.o: in function `main':
src.c:(.text+0x3e): undefined reference to `pthread_create'
/bin/ld: src.c:(.text+0x4a): undefined reference to `pthread_detach'
/bin/ld: src.c:(.text+0x56): undefined reference to `pthread_cancel'
/bin/ld: src.c:(.text+0x67): undefined reference to `pthread_join'
collect2: error: ld returned 1 exit status
make[1]: *** [CMakeFiles/cmTC_e42fd.dir/build.make:106: cmTC_e42fd] Error 1
make[1]: Leaving directory '/home/sumun/Desktop/Bachelorthesis/dace/.dacecache/getStarted/build/CMakeFiles/CMakeTmp'
make: *** [Makefile:140: cmTC_e42fd/fast] Error 2


Source file was:
#include <pthread.h>

void* test_func(void* data)
{
  return data;
}

int main(void)
{
  pthread_t thread;
  pthread_create(&thread, NULL, test_func, NULL);
  pthread_detach(thread);
  pthread_cancel(thread);
  pthread_join(thread, NULL);
  pthread_atfork(NULL, NULL, NULL);
  pthread_exit(NULL);

  return 0;
}

Determining if the function pthread_create exists in the pthreads failed with the following output:
Change Dir: /home/sumun/Desktop/Bachelorthesis/dace/.dacecache/getStarted/build/CMakeFiles/CMakeTmp

Run Build Command(s):/bin/make cmTC_19f15/fast && /bin/make  -f CMakeFiles/cmTC_19f15.dir/build.make CMakeFiles/cmTC_19f15.dir/build
make[1]: Entering directory '/home/sumun/Desktop/Bachelorthesis/dace/.dacecache/getStarted/build/CMakeFiles/CMakeTmp'
Building C object CMakeFiles/cmTC_19f15.dir/CheckFunctionExists.c.o
/bin/cc   -DCHECK_FUNCTION_EXISTS=pthread_create -o CMakeFiles/cmTC_19f15.dir/CheckFunctionExists.c.o -c /home/sumun/.local/lib/python3.8/site-packages/cmake/data/share/cmake-3.18/Modules/CheckFunctionExists.c
Linking C executable cmTC_19f15
/home/sumun/.local/lib/python3.8/site-packages/cmake/data/bin/cmake -E cmake_link_script CMakeFiles/cmTC_19f15.dir/link.txt --verbose=1
/bin/cc  -DCHECK_FUNCTION_EXISTS=pthread_create -rdynamic CMakeFiles/cmTC_19f15.dir/CheckFunctionExists.c.o -o cmTC_19f15  -lpthreads 
/bin/ld: cannot find -lpthreads
collect2: error: ld returned 1 exit status
make[1]: *** [CMakeFiles/cmTC_19f15.dir/build.make:106: cmTC_19f15] Error 1
make[1]: Leaving directory '/home/sumun/Desktop/Bachelorthesis/dace/.dacecache/getStarted/build/CMakeFiles/CMakeTmp'
make: *** [Makefile:140: cmTC_19f15/fast] Error 2



Detecting C OpenMP failed with the following output:
Change Dir: /home/sumun/Desktop/Bachelorthesis/dace/.dacecache/getStarted/build/CMakeFiles/CMakeTmp

Run Build Command(s):/bin/make cmTC_2d078/fast && /bin/make  -f CMakeFiles/cmTC_2d078.dir/build.make CMakeFiles/cmTC_2d078.dir/build
make[1]: Entering directory '/home/sumun/Desktop/Bachelorthesis/dace/.dacecache/getStarted/build/CMakeFiles/CMakeTmp'
Building C object CMakeFiles/cmTC_2d078.dir/OpenMPTryFlag.c.o
/bin/cc   -fopenmp -v -o CMakeFiles/cmTC_2d078.dir/OpenMPTryFlag.c.o -c /home/sumun/Desktop/Bachelorthesis/dace/.dacecache/getStarted/build/CMakeFiles/FindOpenMP/OpenMPTryFlag.c
Using built-in specs.
COLLECT_GCC=/bin/cc
Target: x86_64-unknown-linux-gnu
Configured with: /builddir/gcc-9.3.0/configure --build=x86_64-unknown-linux-gnu --enable-fast-character --enable-vtable-verify --prefix=/usr --mandir=/usr/share/man --infodir=/usr/share/info --libexecdir=/usr/lib --libdir=/usr/lib --enable-threads=posix --enable-__cxa_atexit --disable-multilib --with-system-zlib --enable-shared --enable-lto --enable-plugins --enable-linker-build-id --disable-werror --disable-nls --enable-default-pie --enable-default-ssp --enable-checking=release --disable-libstdcxx-pch --with-isl --with-linker-hash-style=gnu --disable-libunwind-exceptions --disable-target-libiberty --enable-serial-configure --enable-languages=c,c++,objc,obj-c++,fortran,lto,go,ada
Thread model: posix
gcc version 9.3.0 (GCC) 
COLLECT_GCC_OPTIONS='-fopenmp' '-v' '-o' 'CMakeFiles/cmTC_2d078.dir/OpenMPTryFlag.c.o' '-c' '-mtune=generic' '-march=x86-64' '-pthread'
 /usr/lib/gcc/x86_64-unknown-linux-gnu/9.3.0/cc1 -quiet -v -D_REENTRANT /home/sumun/Desktop/Bachelorthesis/dace/.dacecache/getStarted/build/CMakeFiles/FindOpenMP/OpenMPTryFlag.c -quiet -dumpbase OpenMPTryFlag.c -mtune=generic -march=x86-64 -auxbase-strip CMakeFiles/cmTC_2d078.dir/OpenMPTryFlag.c.o -version -fopenmp -o /tmp/ccA47fLX.s
GNU C17 (GCC) version 9.3.0 (x86_64-unknown-linux-gnu)
	compiled by GNU C version 9.3.0, GMP version 6.2.0, MPFR version 4.0.2, MPC version 1.1.0, isl version isl-0.21-GMP

GGC heuristics: --param ggc-min-expand=100 --param ggc-min-heapsize=131072
ignoring nonexistent directory "/usr/lib/gcc/x86_64-unknown-linux-gnu/9.3.0/../../../../x86_64-unknown-linux-gnu/include"
#include "..." search starts here:
#include <...> search starts here:
 /usr/lib/gcc/x86_64-unknown-linux-gnu/9.3.0/include
 /usr/local/include
 /usr/lib/gcc/x86_64-unknown-linux-gnu/9.3.0/include-fixed
 /usr/include
End of search list.
GNU C17 (GCC) version 9.3.0 (x86_64-unknown-linux-gnu)
	compiled by GNU C version 9.3.0, GMP version 6.2.0, MPFR version 4.0.2, MPC version 1.1.0, isl version isl-0.21-GMP

GGC heuristics: --param ggc-min-expand=100 --param ggc-min-heapsize=131072
Compiler executable checksum: 500e6d52bb48facc56df0ab9bfbee9e2
/home/sumun/Desktop/Bachelorthesis/dace/.dacecache/getStarted/build/CMakeFiles/FindOpenMP/OpenMPTryFlag.c:2:10: fatal error: omp.h: No such file or directory
    2 | #include <omp.h>
      |          ^~~~~~~
compilation terminated.
make[1]: *** [CMakeFiles/cmTC_2d078.dir/build.make:85: CMakeFiles/cmTC_2d078.dir/OpenMPTryFlag.c.o] Error 1
make[1]: Leaving directory '/home/sumun/Desktop/Bachelorthesis/dace/.dacecache/getStarted/build/CMakeFiles/CMakeTmp'
make: *** [Makefile:140: cmTC_2d078/fast] Error 2



Detecting CXX OpenMP failed with the following output:
Change Dir: /home/sumun/Desktop/Bachelorthesis/dace/.dacecache/getStarted/build/CMakeFiles/CMakeTmp

Run Build Command(s):/bin/make cmTC_9788b/fast && /bin/make  -f CMakeFiles/cmTC_9788b.dir/build.make CMakeFiles/cmTC_9788b.dir/build
make[1]: Entering directory '/home/sumun/Desktop/Bachelorthesis/dace/.dacecache/getStarted/build/CMakeFiles/CMakeTmp'
Building CXX object CMakeFiles/cmTC_9788b.dir/OpenMPTryFlag.cpp.o
/bin/g++   -std=c++14 -fPIC -Wall -Wextra -O3 -march=native -ffast-math -Wno-unused-parameter -Wno-unused-label -fopenmp -v -o CMakeFiles/cmTC_9788b.dir/OpenMPTryFlag.cpp.o -c /home/sumun/Desktop/Bachelorthesis/dace/.dacecache/getStarted/build/CMakeFiles/FindOpenMP/OpenMPTryFlag.cpp
Using built-in specs.
COLLECT_GCC=/bin/g++
Target: x86_64-unknown-linux-gnu
Configured with: /builddir/gcc-9.3.0/configure --build=x86_64-unknown-linux-gnu --enable-fast-character --enable-vtable-verify --prefix=/usr --mandir=/usr/share/man --infodir=/usr/share/info --libexecdir=/usr/lib --libdir=/usr/lib --enable-threads=posix --enable-__cxa_atexit --disable-multilib --with-system-zlib --enable-shared --enable-lto --enable-plugins --enable-linker-build-id --disable-werror --disable-nls --enable-default-pie --enable-default-ssp --enable-checking=release --disable-libstdcxx-pch --with-isl --with-linker-hash-style=gnu --disable-libunwind-exceptions --disable-target-libiberty --enable-serial-configure --enable-languages=c,c++,objc,obj-c++,fortran,lto,go,ada
Thread model: posix
gcc version 9.3.0 (GCC) 
COLLECT_GCC_OPTIONS='-std=c++14' '-fPIC' '-Wall' '-Wextra' '-O3' '-march=native' '-ffast-math' '-Wno-unused-parameter' '-Wno-unused-label' '-fopenmp' '-v' '-o' 'CMakeFiles/cmTC_9788b.dir/OpenMPTryFlag.cpp.o' '-c' '-shared-libgcc' '-pthread'
 /usr/lib/gcc/x86_64-unknown-linux-gnu/9.3.0/cc1plus -quiet -v -D_GNU_SOURCE -D_REENTRANT /home/sumun/Desktop/Bachelorthesis/dace/.dacecache/getStarted/build/CMakeFiles/FindOpenMP/OpenMPTryFlag.cpp -march=skylake -mmmx -mno-3dnow -msse -msse2 -msse3 -mssse3 -mno-sse4a -mcx16 -msahf -mmovbe -maes -mno-sha -mpclmul -mpopcnt -mabm -mno-lwp -mfma -mno-fma4 -mno-xop -mbmi -msgx -mbmi2 -mno-pconfig -mno-wbnoinvd -mno-tbm -mavx -mavx2 -msse4.2 -msse4.1 -mlzcnt -mno-rtm -mno-hle -mrdrnd -mf16c -mfsgsbase -mrdseed -mprfchw -madx -mfxsr -mxsave -mxsaveopt -mno-avx512f -mno-avx512er -mno-avx512cd -mno-avx512pf -mno-prefetchwt1 -mclflushopt -mxsavec -mxsaves -mno-avx512dq -mno-avx512bw -mno-avx512vl -mno-avx512ifma -mno-avx512vbmi -mno-avx5124fmaps -mno-avx5124vnniw -mno-clwb -mno-mwaitx -mno-clzero -mno-pku -mno-rdpid -mno-gfni -mno-shstk -mno-avx512vbmi2 -mno-avx512vnni -mno-vaes -mno-vpclmulqdq -mno-avx512bitalg -mno-movdiri -mno-movdir64b -mno-waitpkg -mno-cldemote -mno-ptwrite --param l1-cache-size=32 --param l1-cache-line-size=64 --param l2-cache-size=8192 -mtune=skylake -quiet -dumpbase OpenMPTryFlag.cpp -auxbase-strip CMakeFiles/cmTC_9788b.dir/OpenMPTryFlag.cpp.o -O3 -Wall -Wextra -Wno-unused-parameter -Wno-unused-label -std=c++14 -version -fPIC -ffast-math -fopenmp -o /tmp/ccBVt0so.s
GNU C++14 (GCC) version 9.3.0 (x86_64-unknown-linux-gnu)
	compiled by GNU C version 9.3.0, GMP version 6.2.0, MPFR version 4.0.2, MPC version 1.1.0, isl version isl-0.21-GMP

GGC heuristics: --param ggc-min-expand=100 --param ggc-min-heapsize=131072
ignoring nonexistent directory "/usr/lib/gcc/x86_64-unknown-linux-gnu/9.3.0/../../../../x86_64-unknown-linux-gnu/include"
#include "..." search starts here:
#include <...> search starts here:
 /usr/lib/gcc/x86_64-unknown-linux-gnu/9.3.0/../../../../include/c++/9.3.0
 /usr/lib/gcc/x86_64-unknown-linux-gnu/9.3.0/../../../../include/c++/9.3.0/x86_64-unknown-linux-gnu
 /usr/lib/gcc/x86_64-unknown-linux-gnu/9.3.0/../../../../include/c++/9.3.0/backward
 /usr/lib/gcc/x86_64-unknown-linux-gnu/9.3.0/include
 /usr/local/include
 /usr/lib/gcc/x86_64-unknown-linux-gnu/9.3.0/include-fixed
 /usr/include
End of search list.
GNU C++14 (GCC) version 9.3.0 (x86_64-unknown-linux-gnu)
	compiled by GNU C version 9.3.0, GMP version 6.2.0, MPFR version 4.0.2, MPC version 1.1.0, isl version isl-0.21-GMP

GGC heuristics: --param ggc-min-expand=100 --param ggc-min-heapsize=131072
Compiler executable checksum: ea37318b4d6730ab24e96155bf9d39db
/home/sumun/Desktop/Bachelorthesis/dace/.dacecache/getStarted/build/CMakeFiles/FindOpenMP/OpenMPTryFlag.cpp:2:10: fatal error: omp.h: No such file or directory
    2 | #include <omp.h>
      |          ^~~~~~~
compilation terminated.
make[1]: *** [CMakeFiles/cmTC_9788b.dir/build.make:85: CMakeFiles/cmTC_9788b.dir/OpenMPTryFlag.cpp.o] Error 1
make[1]: Leaving directory '/home/sumun/Desktop/Bachelorthesis/dace/.dacecache/getStarted/build/CMakeFiles/CMakeTmp'
make: *** [Makefile:140: cmTC_9788b/fast] Error 2



