The system is: Linux - 5.8.8_1 - x86_64
Compiling the C compiler identification source file "CMakeCCompilerId.c" succeeded.
Compiler: /bin/cc 
Build flags: 
Id flags:  

The output was:
0


Compilation of the C compiler identification source "CMakeCCompilerId.c" produced "a.out"

The C compiler identification is GNU, found in "/home/sumun/Desktop/Bachelorthesis/dace/.dacecache/getStarted/build/CMakeFiles/3.18.2/CompilerIdC/a.out"

Compiling the CXX compiler identification source file "CMakeCXXCompilerId.cpp" succeeded.
Compiler: /bin/g++ 
Build flags: -std=c++14;-fPIC;-Wall;-Wextra;-O3;-march=native;-ffast-math;-Wno-unused-parameter;-Wno-unused-label
Id flags:  

The output was:
0


Compilation of the CXX compiler identification source "CMakeCXXCompilerId.cpp" produced "a.out"

The CXX compiler identification is GNU, found in "/home/sumun/Desktop/Bachelorthesis/dace/.dacecache/getStarted/build/CMakeFiles/3.18.2/CompilerIdCXX/a.out"

Detecting C compiler ABI info compiled with the following output:
Change Dir: /home/sumun/Desktop/Bachelorthesis/dace/.dacecache/getStarted/build/CMakeFiles/CMakeTmp

Run Build Command(s):/bin/make cmTC_deebf/fast && /bin/make  -f CMakeFiles/cmTC_deebf.dir/build.make CMakeFiles/cmTC_deebf.dir/build
make[1]: Entering directory '/home/sumun/Desktop/Bachelorthesis/dace/.dacecache/getStarted/build/CMakeFiles/CMakeTmp'
Building C object CMakeFiles/cmTC_deebf.dir/CMakeCCompilerABI.c.o
/bin/cc   -v -o CMakeFiles/cmTC_deebf.dir/CMakeCCompilerABI.c.o -c /home/sumun/.local/lib/python3.8/site-packages/cmake/data/share/cmake-3.18/Modules/CMakeCCompilerABI.c
Using built-in specs.
COLLECT_GCC=/bin/cc
Target: x86_64-unknown-linux-gnu
Configured with: /builddir/gcc-9.3.0/configure --build=x86_64-unknown-linux-gnu --enable-fast-character --enable-vtable-verify --prefix=/usr --mandir=/usr/share/man --infodir=/usr/share/info --libexecdir=/usr/lib --libdir=/usr/lib --enable-threads=posix --enable-__cxa_atexit --disable-multilib --with-system-zlib --enable-shared --enable-lto --enable-plugins --enable-linker-build-id --disable-werror --disable-nls --enable-default-pie --enable-default-ssp --enable-checking=release --disable-libstdcxx-pch --with-isl --with-linker-hash-style=gnu --disable-libunwind-exceptions --disable-target-libiberty --enable-serial-configure --enable-languages=c,c++,objc,obj-c++,fortran,lto,go,ada
Thread model: posix
gcc version 9.3.0 (GCC) 
COLLECT_GCC_OPTIONS='-v' '-o' 'CMakeFiles/cmTC_deebf.dir/CMakeCCompilerABI.c.o' '-c' '-mtune=generic' '-march=x86-64'
 /usr/lib/gcc/x86_64-unknown-linux-gnu/9.3.0/cc1 -quiet -v /home/sumun/.local/lib/python3.8/site-packages/cmake/data/share/cmake-3.18/Modules/CMakeCCompilerABI.c -quiet -dumpbase CMakeCCompilerABI.c -mtune=generic -march=x86-64 -auxbase-strip CMakeFiles/cmTC_deebf.dir/CMakeCCompilerABI.c.o -version -o /tmp/ccLZHy4I.s
GNU C17 (GCC) version 9.3.0 (x86_64-unknown-linux-gnu)
	compiled by GNU C version 9.3.0, GMP version 6.2.0, MPFR version 4.0.2, MPC version 1.1.0, isl version isl-0.21-GMP

GGC heuristics: --param ggc-min-expand=100 --param ggc-min-heapsize=131072
ignoring nonexistent directory "/usr/lib/gcc/x86_64-unknown-linux-gnu/9.3.0/../../../../x86_64-unknown-linux-gnu/include"
#include "..." search starts here:
#include <...> search starts here:
 /usr/lib/gcc/x86_64-unknown-linux-gnu/9.3.0/include
 /usr/local/include
 /usr/lib/gcc/x86_64-unknown-linux-gnu/9.3.0/include-fixed
 /usr/include
End of search list.
GNU C17 (GCC) version 9.3.0 (x86_64-unknown-linux-gnu)
	compiled by GNU C version 9.3.0, GMP version 6.2.0, MPFR version 4.0.2, MPC version 1.1.0, isl version isl-0.21-GMP

GGC heuristics: --param ggc-min-expand=100 --param ggc-min-heapsize=131072
Compiler executable checksum: 500e6d52bb48facc56df0ab9bfbee9e2
COLLECT_GCC_OPTIONS='-v' '-o' 'CMakeFiles/cmTC_deebf.dir/CMakeCCompilerABI.c.o' '-c' '-mtune=generic' '-march=x86-64'
 as -v --64 -o CMakeFiles/cmTC_deebf.dir/CMakeCCompilerABI.c.o /tmp/ccLZHy4I.s
GNU assembler version 2.34 (x86_64-unknown-linux-gnu) using BFD version (GNU Binutils) 2.34
COMPILER_PATH=/usr/lib/gcc/x86_64-unknown-linux-gnu/9.3.0/:/usr/lib/gcc/x86_64-unknown-linux-gnu/9.3.0/:/usr/lib/gcc/x86_64-unknown-linux-gnu/:/usr/lib/gcc/x86_64-unknown-linux-gnu/9.3.0/:/usr/lib/gcc/x86_64-unknown-linux-gnu/
LIBRARY_PATH=/usr/lib/gcc/x86_64-unknown-linux-gnu/9.3.0/:/usr/lib/gcc/x86_64-unknown-linux-gnu/9.3.0/../../../../lib/:/lib/../lib/:/usr/lib/../lib/:/usr/lib/gcc/x86_64-unknown-linux-gnu/9.3.0/../../../:/lib/:/usr/lib/
COLLECT_GCC_OPTIONS='-v' '-o' 'CMakeFiles/cmTC_deebf.dir/CMakeCCompilerABI.c.o' '-c' '-mtune=generic' '-march=x86-64'
Linking C executable cmTC_deebf
/home/sumun/.local/lib/python3.8/site-packages/cmake/data/bin/cmake -E cmake_link_script CMakeFiles/cmTC_deebf.dir/link.txt --verbose=1
/bin/cc  -v -rdynamic CMakeFiles/cmTC_deebf.dir/CMakeCCompilerABI.c.o -o cmTC_deebf 
Using built-in specs.
COLLECT_GCC=/bin/cc
COLLECT_LTO_WRAPPER=/usr/lib/gcc/x86_64-unknown-linux-gnu/9.3.0/lto-wrapper
Target: x86_64-unknown-linux-gnu
Configured with: /builddir/gcc-9.3.0/configure --build=x86_64-unknown-linux-gnu --enable-fast-character --enable-vtable-verify --prefix=/usr --mandir=/usr/share/man --infodir=/usr/share/info --libexecdir=/usr/lib --libdir=/usr/lib --enable-threads=posix --enable-__cxa_atexit --disable-multilib --with-system-zlib --enable-shared --enable-lto --enable-plugins --enable-linker-build-id --disable-werror --disable-nls --enable-default-pie --enable-default-ssp --enable-checking=release --disable-libstdcxx-pch --with-isl --with-linker-hash-style=gnu --disable-libunwind-exceptions --disable-target-libiberty --enable-serial-configure --enable-languages=c,c++,objc,obj-c++,fortran,lto,go,ada
Thread model: posix
gcc version 9.3.0 (GCC) 
COMPILER_PATH=/usr/lib/gcc/x86_64-unknown-linux-gnu/9.3.0/:/usr/lib/gcc/x86_64-unknown-linux-gnu/9.3.0/:/usr/lib/gcc/x86_64-unknown-linux-gnu/:/usr/lib/gcc/x86_64-unknown-linux-gnu/9.3.0/:/usr/lib/gcc/x86_64-unknown-linux-gnu/
LIBRARY_PATH=/usr/lib/gcc/x86_64-unknown-linux-gnu/9.3.0/:/usr/lib/gcc/x86_64-unknown-linux-gnu/9.3.0/../../../../lib/:/lib/../lib/:/usr/lib/../lib/:/usr/lib/gcc/x86_64-unknown-linux-gnu/9.3.0/../../../:/lib/:/usr/lib/
COLLECT_GCC_OPTIONS='-v' '-rdynamic' '-o' 'cmTC_deebf' '-mtune=generic' '-march=x86-64'
 /usr/lib/gcc/x86_64-unknown-linux-gnu/9.3.0/collect2 -plugin /usr/lib/gcc/x86_64-unknown-linux-gnu/9.3.0/liblto_plugin.so -plugin-opt=/usr/lib/gcc/x86_64-unknown-linux-gnu/9.3.0/lto-wrapper -plugin-opt=-fresolution=/tmp/cc9Krjec.res -plugin-opt=-pass-through=-lgcc -plugin-opt=-pass-through=-lgcc_s -plugin-opt=-pass-through=-lc -plugin-opt=-pass-through=-lgcc -plugin-opt=-pass-through=-lgcc_s --build-id --eh-frame-hdr --hash-style=gnu -m elf_x86_64 -export-dynamic -dynamic-linker /lib/ld-linux-x86-64.so.2 -pie -o cmTC_deebf /usr/lib/gcc/x86_64-unknown-linux-gnu/9.3.0/../../../../lib/Scrt1.o /usr/lib/gcc/x86_64-unknown-linux-gnu/9.3.0/../../../../lib/crti.o /usr/lib/gcc/x86_64-unknown-linux-gnu/9.3.0/crtbeginS.o -L/usr/lib/gcc/x86_64-unknown-linux-gnu/9.3.0 -L/usr/lib/gcc/x86_64-unknown-linux-gnu/9.3.0/../../../../lib -L/lib/../lib -L/usr/lib/../lib -L/usr/lib/gcc/x86_64-unknown-linux-gnu/9.3.0/../../.. CMakeFiles/cmTC_deebf.dir/CMakeCCompilerABI.c.o -lgcc --push-state --as-needed -lgcc_s --pop-state -lc -lgcc --push-state --as-needed -lgcc_s --pop-state /usr/lib/gcc/x86_64-unknown-linux-gnu/9.3.0/crtendS.o /usr/lib/gcc/x86_64-unknown-linux-gnu/9.3.0/../../../../lib/crtn.o
COLLECT_GCC_OPTIONS='-v' '-rdynamic' '-o' 'cmTC_deebf' '-mtune=generic' '-march=x86-64'
make[1]: Leaving directory '/home/sumun/Desktop/Bachelorthesis/dace/.dacecache/getStarted/build/CMakeFiles/CMakeTmp'



Parsed C implicit include dir info from above output: rv=done
  found start of include info
  found start of implicit include info
    add: [/usr/lib/gcc/x86_64-unknown-linux-gnu/9.3.0/include]
    add: [/usr/local/include]
    add: [/usr/lib/gcc/x86_64-unknown-linux-gnu/9.3.0/include-fixed]
    add: [/usr/include]
  end of search list found
  collapse include dir [/usr/lib/gcc/x86_64-unknown-linux-gnu/9.3.0/include] ==> [/usr/lib/gcc/x86_64-unknown-linux-gnu/9.3.0/include]
  collapse include dir [/usr/local/include] ==> [/usr/local/include]
  collapse include dir [/usr/lib/gcc/x86_64-unknown-linux-gnu/9.3.0/include-fixed] ==> [/usr/lib/gcc/x86_64-unknown-linux-gnu/9.3.0/include-fixed]
  collapse include dir [/usr/include] ==> [/usr/include]
  implicit include dirs: [/usr/lib/gcc/x86_64-unknown-linux-gnu/9.3.0/include;/usr/local/include;/usr/lib/gcc/x86_64-unknown-linux-gnu/9.3.0/include-fixed;/usr/include]


Parsed C implicit link information from above output:
  link line regex: [^( *|.*[/\])(g\+\+|CMAKE_LINK_STARTFILE-NOTFOUND|([^/\]+-)?ld|collect2)[^/\]*( |$)]
  ignore line: [Change Dir: /home/sumun/Desktop/Bachelorthesis/dace/.dacecache/getStarted/build/CMakeFiles/CMakeTmp]
  ignore line: []
  ignore line: [Run Build Command(s):/bin/make cmTC_deebf/fast && /bin/make  -f CMakeFiles/cmTC_deebf.dir/build.make CMakeFiles/cmTC_deebf.dir/build]
  ignore line: [make[1]: Entering directory '/home/sumun/Desktop/Bachelorthesis/dace/.dacecache/getStarted/build/CMakeFiles/CMakeTmp']
  ignore line: [Building C object CMakeFiles/cmTC_deebf.dir/CMakeCCompilerABI.c.o]
  ignore line: [/bin/cc   -v -o CMakeFiles/cmTC_deebf.dir/CMakeCCompilerABI.c.o -c /home/sumun/.local/lib/python3.8/site-packages/cmake/data/share/cmake-3.18/Modules/CMakeCCompilerABI.c]
  ignore line: [Using built-in specs.]
  ignore line: [COLLECT_GCC=/bin/cc]
  ignore line: [Target: x86_64-unknown-linux-gnu]
  ignore line: [Configured with: /builddir/gcc-9.3.0/configure --build=x86_64-unknown-linux-gnu --enable-fast-character --enable-vtable-verify --prefix=/usr --mandir=/usr/share/man --infodir=/usr/share/info --libexecdir=/usr/lib --libdir=/usr/lib --enable-threads=posix --enable-__cxa_atexit --disable-multilib --with-system-zlib --enable-shared --enable-lto --enable-plugins --enable-linker-build-id --disable-werror --disable-nls --enable-default-pie --enable-default-ssp --enable-checking=release --disable-libstdcxx-pch --with-isl --with-linker-hash-style=gnu --disable-libunwind-exceptions --disable-target-libiberty --enable-serial-configure --enable-languages=c c++ objc obj-c++ fortran lto go ada]
  ignore line: [Thread model: posix]
  ignore line: [gcc version 9.3.0 (GCC) ]
  ignore line: [COLLECT_GCC_OPTIONS='-v' '-o' 'CMakeFiles/cmTC_deebf.dir/CMakeCCompilerABI.c.o' '-c' '-mtune=generic' '-march=x86-64']
  ignore line: [ /usr/lib/gcc/x86_64-unknown-linux-gnu/9.3.0/cc1 -quiet -v /home/sumun/.local/lib/python3.8/site-packages/cmake/data/share/cmake-3.18/Modules/CMakeCCompilerABI.c -quiet -dumpbase CMakeCCompilerABI.c -mtune=generic -march=x86-64 -auxbase-strip CMakeFiles/cmTC_deebf.dir/CMakeCCompilerABI.c.o -version -o /tmp/ccLZHy4I.s]
  ignore line: [GNU C17 (GCC) version 9.3.0 (x86_64-unknown-linux-gnu)]
  ignore line: [	compiled by GNU C version 9.3.0  GMP version 6.2.0  MPFR version 4.0.2  MPC version 1.1.0  isl version isl-0.21-GMP]
  ignore line: []
  ignore line: [GGC heuristics: --param ggc-min-expand=100 --param ggc-min-heapsize=131072]
  ignore line: [ignoring nonexistent directory "/usr/lib/gcc/x86_64-unknown-linux-gnu/9.3.0/../../../../x86_64-unknown-linux-gnu/include"]
  ignore line: [#include "..." search starts here:]
  ignore line: [#include <...> search starts here:]
  ignore line: [ /usr/lib/gcc/x86_64-unknown-linux-gnu/9.3.0/include]
  ignore line: [ /usr/local/include]
  ignore line: [ /usr/lib/gcc/x86_64-unknown-linux-gnu/9.3.0/include-fixed]
  ignore line: [ /usr/include]
  ignore line: [End of search list.]
  ignore line: [GNU C17 (GCC) version 9.3.0 (x86_64-unknown-linux-gnu)]
  ignore line: [	compiled by GNU C version 9.3.0  GMP version 6.2.0  MPFR version 4.0.2  MPC version 1.1.0  isl version isl-0.21-GMP]
  ignore line: []
  ignore line: [GGC heuristics: --param ggc-min-expand=100 --param ggc-min-heapsize=131072]
  ignore line: [Compiler executable checksum: 500e6d52bb48facc56df0ab9bfbee9e2]
  ignore line: [COLLECT_GCC_OPTIONS='-v' '-o' 'CMakeFiles/cmTC_deebf.dir/CMakeCCompilerABI.c.o' '-c' '-mtune=generic' '-march=x86-64']
  ignore line: [ as -v --64 -o CMakeFiles/cmTC_deebf.dir/CMakeCCompilerABI.c.o /tmp/ccLZHy4I.s]
  ignore line: [GNU assembler version 2.34 (x86_64-unknown-linux-gnu) using BFD version (GNU Binutils) 2.34]
  ignore line: [COMPILER_PATH=/usr/lib/gcc/x86_64-unknown-linux-gnu/9.3.0/:/usr/lib/gcc/x86_64-unknown-linux-gnu/9.3.0/:/usr/lib/gcc/x86_64-unknown-linux-gnu/:/usr/lib/gcc/x86_64-unknown-linux-gnu/9.3.0/:/usr/lib/gcc/x86_64-unknown-linux-gnu/]
  ignore line: [LIBRARY_PATH=/usr/lib/gcc/x86_64-unknown-linux-gnu/9.3.0/:/usr/lib/gcc/x86_64-unknown-linux-gnu/9.3.0/../../../../lib/:/lib/../lib/:/usr/lib/../lib/:/usr/lib/gcc/x86_64-unknown-linux-gnu/9.3.0/../../../:/lib/:/usr/lib/]
  ignore line: [COLLECT_GCC_OPTIONS='-v' '-o' 'CMakeFiles/cmTC_deebf.dir/CMakeCCompilerABI.c.o' '-c' '-mtune=generic' '-march=x86-64']
  ignore line: [Linking C executable cmTC_deebf]
  ignore line: [/home/sumun/.local/lib/python3.8/site-packages/cmake/data/bin/cmake -E cmake_link_script CMakeFiles/cmTC_deebf.dir/link.txt --verbose=1]
  ignore line: [/bin/cc  -v -rdynamic CMakeFiles/cmTC_deebf.dir/CMakeCCompilerABI.c.o -o cmTC_deebf ]
  ignore line: [Using built-in specs.]
  ignore line: [COLLECT_GCC=/bin/cc]
  ignore line: [COLLECT_LTO_WRAPPER=/usr/lib/gcc/x86_64-unknown-linux-gnu/9.3.0/lto-wrapper]
  ignore line: [Target: x86_64-unknown-linux-gnu]
  ignore line: [Configured with: /builddir/gcc-9.3.0/configure --build=x86_64-unknown-linux-gnu --enable-fast-character --enable-vtable-verify --prefix=/usr --mandir=/usr/share/man --infodir=/usr/share/info --libexecdir=/usr/lib --libdir=/usr/lib --enable-threads=posix --enable-__cxa_atexit --disable-multilib --with-system-zlib --enable-shared --enable-lto --enable-plugins --enable-linker-build-id --disable-werror --disable-nls --enable-default-pie --enable-default-ssp --enable-checking=release --disable-libstdcxx-pch --with-isl --with-linker-hash-style=gnu --disable-libunwind-exceptions --disable-target-libiberty --enable-serial-configure --enable-languages=c c++ objc obj-c++ fortran lto go ada]
  ignore line: [Thread model: posix]
  ignore line: [gcc version 9.3.0 (GCC) ]
  ignore line: [COMPILER_PATH=/usr/lib/gcc/x86_64-unknown-linux-gnu/9.3.0/:/usr/lib/gcc/x86_64-unknown-linux-gnu/9.3.0/:/usr/lib/gcc/x86_64-unknown-linux-gnu/:/usr/lib/gcc/x86_64-unknown-linux-gnu/9.3.0/:/usr/lib/gcc/x86_64-unknown-linux-gnu/]
  ignore line: [LIBRARY_PATH=/usr/lib/gcc/x86_64-unknown-linux-gnu/9.3.0/:/usr/lib/gcc/x86_64-unknown-linux-gnu/9.3.0/../../../../lib/:/lib/../lib/:/usr/lib/../lib/:/usr/lib/gcc/x86_64-unknown-linux-gnu/9.3.0/../../../:/lib/:/usr/lib/]
  ignore line: [COLLECT_GCC_OPTIONS='-v' '-rdynamic' '-o' 'cmTC_deebf' '-mtune=generic' '-march=x86-64']
  link line: [ /usr/lib/gcc/x86_64-unknown-linux-gnu/9.3.0/collect2 -plugin /usr/lib/gcc/x86_64-unknown-linux-gnu/9.3.0/liblto_plugin.so -plugin-opt=/usr/lib/gcc/x86_64-unknown-linux-gnu/9.3.0/lto-wrapper -plugin-opt=-fresolution=/tmp/cc9Krjec.res -plugin-opt=-pass-through=-lgcc -plugin-opt=-pass-through=-lgcc_s -plugin-opt=-pass-through=-lc -plugin-opt=-pass-through=-lgcc -plugin-opt=-pass-through=-lgcc_s --build-id --eh-frame-hdr --hash-style=gnu -m elf_x86_64 -export-dynamic -dynamic-linker /lib/ld-linux-x86-64.so.2 -pie -o cmTC_deebf /usr/lib/gcc/x86_64-unknown-linux-gnu/9.3.0/../../../../lib/Scrt1.o /usr/lib/gcc/x86_64-unknown-linux-gnu/9.3.0/../../../../lib/crti.o /usr/lib/gcc/x86_64-unknown-linux-gnu/9.3.0/crtbeginS.o -L/usr/lib/gcc/x86_64-unknown-linux-gnu/9.3.0 -L/usr/lib/gcc/x86_64-unknown-linux-gnu/9.3.0/../../../../lib -L/lib/../lib -L/usr/lib/../lib -L/usr/lib/gcc/x86_64-unknown-linux-gnu/9.3.0/../../.. CMakeFiles/cmTC_deebf.dir/CMakeCCompilerABI.c.o -lgcc --push-state --as-needed -lgcc_s --pop-state -lc -lgcc --push-state --as-needed -lgcc_s --pop-state /usr/lib/gcc/x86_64-unknown-linux-gnu/9.3.0/crtendS.o /usr/lib/gcc/x86_64-unknown-linux-gnu/9.3.0/../../../../lib/crtn.o]
    arg [/usr/lib/gcc/x86_64-unknown-linux-gnu/9.3.0/collect2] ==> ignore
    arg [-plugin] ==> ignore
    arg [/usr/lib/gcc/x86_64-unknown-linux-gnu/9.3.0/liblto_plugin.so] ==> ignore
    arg [-plugin-opt=/usr/lib/gcc/x86_64-unknown-linux-gnu/9.3.0/lto-wrapper] ==> ignore
    arg [-plugin-opt=-fresolution=/tmp/cc9Krjec.res] ==> ignore
    arg [-plugin-opt=-pass-through=-lgcc] ==> ignore
    arg [-plugin-opt=-pass-through=-lgcc_s] ==> ignore
    arg [-plugin-opt=-pass-through=-lc] ==> ignore
    arg [-plugin-opt=-pass-through=-lgcc] ==> ignore
    arg [-plugin-opt=-pass-through=-lgcc_s] ==> ignore
    arg [--build-id] ==> ignore
    arg [--eh-frame-hdr] ==> ignore
    arg [--hash-style=gnu] ==> ignore
    arg [-m] ==> ignore
    arg [elf_x86_64] ==> ignore
    arg [-export-dynamic] ==> ignore
    arg [-dynamic-linker] ==> ignore
    arg [/lib/ld-linux-x86-64.so.2] ==> ignore
    arg [-pie] ==> ignore
    arg [-o] ==> ignore
    arg [cmTC_deebf] ==> ignore
    arg [/usr/lib/gcc/x86_64-unknown-linux-gnu/9.3.0/../../../../lib/Scrt1.o] ==> ignore
    arg [/usr/lib/gcc/x86_64-unknown-linux-gnu/9.3.0/../../../../lib/crti.o] ==> ignore
    arg [/usr/lib/gcc/x86_64-unknown-linux-gnu/9.3.0/crtbeginS.o] ==> ignore
    arg [-L/usr/lib/gcc/x86_64-unknown-linux-gnu/9.3.0] ==> dir [/usr/lib/gcc/x86_64-unknown-linux-gnu/9.3.0]
    arg [-L/usr/lib/gcc/x86_64-unknown-linux-gnu/9.3.0/../../../../lib] ==> dir [/usr/lib/gcc/x86_64-unknown-linux-gnu/9.3.0/../../../../lib]
    arg [-L/lib/../lib] ==> dir [/lib/../lib]
    arg [-L/usr/lib/../lib] ==> dir [/usr/lib/../lib]
    arg [-L/usr/lib/gcc/x86_64-unknown-linux-gnu/9.3.0/../../..] ==> dir [/usr/lib/gcc/x86_64-unknown-linux-gnu/9.3.0/../../..]
    arg [CMakeFiles/cmTC_deebf.dir/CMakeCCompilerABI.c.o] ==> ignore
    arg [-lgcc] ==> lib [gcc]
    arg [--push-state] ==> ignore
    arg [--as-needed] ==> ignore
    arg [-lgcc_s] ==> lib [gcc_s]
    arg [--pop-state] ==> ignore
    arg [-lc] ==> lib [c]
    arg [-lgcc] ==> lib [gcc]
    arg [--push-state] ==> ignore
    arg [--as-needed] ==> ignore
    arg [-lgcc_s] ==> lib [gcc_s]
    arg [--pop-state] ==> ignore
    arg [/usr/lib/gcc/x86_64-unknown-linux-gnu/9.3.0/crtendS.o] ==> ignore
    arg [/usr/lib/gcc/x86_64-unknown-linux-gnu/9.3.0/../../../../lib/crtn.o] ==> ignore
  collapse library dir [/usr/lib/gcc/x86_64-unknown-linux-gnu/9.3.0] ==> [/usr/lib/gcc/x86_64-unknown-linux-gnu/9.3.0]
  collapse library dir [/usr/lib/gcc/x86_64-unknown-linux-gnu/9.3.0/../../../../lib] ==> [/usr/lib]
  collapse library dir [/lib/../lib] ==> [/lib]
  collapse library dir [/usr/lib/../lib] ==> [/usr/lib]
  collapse library dir [/usr/lib/gcc/x86_64-unknown-linux-gnu/9.3.0/../../..] ==> [/usr/lib]
  implicit libs: [gcc;gcc_s;c;gcc;gcc_s]
  implicit dirs: [/usr/lib/gcc/x86_64-unknown-linux-gnu/9.3.0;/usr/lib;/lib]
  implicit fwks: []


Detecting CXX compiler ABI info compiled with the following output:
Change Dir: /home/sumun/Desktop/Bachelorthesis/dace/.dacecache/getStarted/build/CMakeFiles/CMakeTmp

Run Build Command(s):/bin/make cmTC_11d2b/fast && /bin/make  -f CMakeFiles/cmTC_11d2b.dir/build.make CMakeFiles/cmTC_11d2b.dir/build
make[1]: Entering directory '/home/sumun/Desktop/Bachelorthesis/dace/.dacecache/getStarted/build/CMakeFiles/CMakeTmp'
Building CXX object CMakeFiles/cmTC_11d2b.dir/CMakeCXXCompilerABI.cpp.o
/bin/g++   -std=c++14 -fPIC -Wall -Wextra -O3 -march=native -ffast-math -Wno-unused-parameter -Wno-unused-label    -v -o CMakeFiles/cmTC_11d2b.dir/CMakeCXXCompilerABI.cpp.o -c /home/sumun/.local/lib/python3.8/site-packages/cmake/data/share/cmake-3.18/Modules/CMakeCXXCompilerABI.cpp
Using built-in specs.
COLLECT_GCC=/bin/g++
Target: x86_64-unknown-linux-gnu
Configured with: /builddir/gcc-9.3.0/configure --build=x86_64-unknown-linux-gnu --enable-fast-character --enable-vtable-verify --prefix=/usr --mandir=/usr/share/man --infodir=/usr/share/info --libexecdir=/usr/lib --libdir=/usr/lib --enable-threads=posix --enable-__cxa_atexit --disable-multilib --with-system-zlib --enable-shared --enable-lto --enable-plugins --enable-linker-build-id --disable-werror --disable-nls --enable-default-pie --enable-default-ssp --enable-checking=release --disable-libstdcxx-pch --with-isl --with-linker-hash-style=gnu --disable-libunwind-exceptions --disable-target-libiberty --enable-serial-configure --enable-languages=c,c++,objc,obj-c++,fortran,lto,go,ada
Thread model: posix
gcc version 9.3.0 (GCC) 
COLLECT_GCC_OPTIONS='-std=c++14' '-fPIC' '-Wall' '-Wextra' '-O3' '-march=native' '-ffast-math' '-Wno-unused-parameter' '-Wno-unused-label' '-v' '-o' 'CMakeFiles/cmTC_11d2b.dir/CMakeCXXCompilerABI.cpp.o' '-c' '-shared-libgcc'
 /usr/lib/gcc/x86_64-unknown-linux-gnu/9.3.0/cc1plus -quiet -v -D_GNU_SOURCE /home/sumun/.local/lib/python3.8/site-packages/cmake/data/share/cmake-3.18/Modules/CMakeCXXCompilerABI.cpp -march=skylake -mmmx -mno-3dnow -msse -msse2 -msse3 -mssse3 -mno-sse4a -mcx16 -msahf -mmovbe -maes -mno-sha -mpclmul -mpopcnt -mabm -mno-lwp -mfma -mno-fma4 -mno-xop -mbmi -msgx -mbmi2 -mno-pconfig -mno-wbnoinvd -mno-tbm -mavx -mavx2 -msse4.2 -msse4.1 -mlzcnt -mno-rtm -mno-hle -mrdrnd -mf16c -mfsgsbase -mrdseed -mprfchw -madx -mfxsr -mxsave -mxsaveopt -mno-avx512f -mno-avx512er -mno-avx512cd -mno-avx512pf -mno-prefetchwt1 -mclflushopt -mxsavec -mxsaves -mno-avx512dq -mno-avx512bw -mno-avx512vl -mno-avx512ifma -mno-avx512vbmi -mno-avx5124fmaps -mno-avx5124vnniw -mno-clwb -mno-mwaitx -mno-clzero -mno-pku -mno-rdpid -mno-gfni -mno-shstk -mno-avx512vbmi2 -mno-avx512vnni -mno-vaes -mno-vpclmulqdq -mno-avx512bitalg -mno-movdiri -mno-movdir64b -mno-waitpkg -mno-cldemote -mno-ptwrite --param l1-cache-size=32 --param l1-cache-line-size=64 --param l2-cache-size=8192 -mtune=skylake -quiet -dumpbase CMakeCXXCompilerABI.cpp -auxbase-strip CMakeFiles/cmTC_11d2b.dir/CMakeCXXCompilerABI.cpp.o -O3 -Wall -Wextra -Wno-unused-parameter -Wno-unused-label -std=c++14 -version -fPIC -ffast-math -o /tmp/ccF1ZUtI.s
GNU C++14 (GCC) version 9.3.0 (x86_64-unknown-linux-gnu)
	compiled by GNU C version 9.3.0, GMP version 6.2.0, MPFR version 4.0.2, MPC version 1.1.0, isl version isl-0.21-GMP

GGC heuristics: --param ggc-min-expand=100 --param ggc-min-heapsize=131072
ignoring nonexistent directory "/usr/lib/gcc/x86_64-unknown-linux-gnu/9.3.0/../../../../x86_64-unknown-linux-gnu/include"
#include "..." search starts here:
#include <...> search starts here:
 /usr/lib/gcc/x86_64-unknown-linux-gnu/9.3.0/../../../../include/c++/9.3.0
 /usr/lib/gcc/x86_64-unknown-linux-gnu/9.3.0/../../../../include/c++/9.3.0/x86_64-unknown-linux-gnu
 /usr/lib/gcc/x86_64-unknown-linux-gnu/9.3.0/../../../../include/c++/9.3.0/backward
 /usr/lib/gcc/x86_64-unknown-linux-gnu/9.3.0/include
 /usr/local/include
 /usr/lib/gcc/x86_64-unknown-linux-gnu/9.3.0/include-fixed
 /usr/include
End of search list.
GNU C++14 (GCC) version 9.3.0 (x86_64-unknown-linux-gnu)
	compiled by GNU C version 9.3.0, GMP version 6.2.0, MPFR version 4.0.2, MPC version 1.1.0, isl version isl-0.21-GMP

GGC heuristics: --param ggc-min-expand=100 --param ggc-min-heapsize=131072
Compiler executable checksum: ea37318b4d6730ab24e96155bf9d39db
COLLECT_GCC_OPTIONS='-std=c++14' '-fPIC' '-Wall' '-Wextra' '-O3' '-march=native' '-ffast-math' '-Wno-unused-parameter' '-Wno-unused-label' '-v' '-o' 'CMakeFiles/cmTC_11d2b.dir/CMakeCXXCompilerABI.cpp.o' '-c' '-shared-libgcc'
 as -v --64 -o CMakeFiles/cmTC_11d2b.dir/CMakeCXXCompilerABI.cpp.o /tmp/ccF1ZUtI.s
GNU assembler version 2.34 (x86_64-unknown-linux-gnu) using BFD version (GNU Binutils) 2.34
COMPILER_PATH=/usr/lib/gcc/x86_64-unknown-linux-gnu/9.3.0/:/usr/lib/gcc/x86_64-unknown-linux-gnu/9.3.0/:/usr/lib/gcc/x86_64-unknown-linux-gnu/:/usr/lib/gcc/x86_64-unknown-linux-gnu/9.3.0/:/usr/lib/gcc/x86_64-unknown-linux-gnu/
LIBRARY_PATH=/usr/lib/gcc/x86_64-unknown-linux-gnu/9.3.0/:/usr/lib/gcc/x86_64-unknown-linux-gnu/9.3.0/../../../../lib/:/lib/../lib/:/usr/lib/../lib/:/usr/lib/gcc/x86_64-unknown-linux-gnu/9.3.0/../../../:/lib/:/usr/lib/
COLLECT_GCC_OPTIONS='-std=c++14' '-fPIC' '-Wall' '-Wextra' '-O3' '-march=native' '-ffast-math' '-Wno-unused-parameter' '-Wno-unused-label' '-v' '-o' 'CMakeFiles/cmTC_11d2b.dir/CMakeCXXCompilerABI.cpp.o' '-c' '-shared-libgcc'
Linking CXX executable cmTC_11d2b
/home/sumun/.local/lib/python3.8/site-packages/cmake/data/bin/cmake -E cmake_link_script CMakeFiles/cmTC_11d2b.dir/link.txt --verbose=1
/bin/g++ -std=c++14 -fPIC -Wall -Wextra -O3 -march=native -ffast-math -Wno-unused-parameter -Wno-unused-label   -v -rdynamic CMakeFiles/cmTC_11d2b.dir/CMakeCXXCompilerABI.cpp.o -o cmTC_11d2b 
Using built-in specs.
COLLECT_GCC=/bin/g++
COLLECT_LTO_WRAPPER=/usr/lib/gcc/x86_64-unknown-linux-gnu/9.3.0/lto-wrapper
Target: x86_64-unknown-linux-gnu
Configured with: /builddir/gcc-9.3.0/configure --build=x86_64-unknown-linux-gnu --enable-fast-character --enable-vtable-verify --prefix=/usr --mandir=/usr/share/man --infodir=/usr/share/info --libexecdir=/usr/lib --libdir=/usr/lib --enable-threads=posix --enable-__cxa_atexit --disable-multilib --with-system-zlib --enable-shared --enable-lto --enable-plugins --enable-linker-build-id --disable-werror --disable-nls --enable-default-pie --enable-default-ssp --enable-checking=release --disable-libstdcxx-pch --with-isl --with-linker-hash-style=gnu --disable-libunwind-exceptions --disable-target-libiberty --enable-serial-configure --enable-languages=c,c++,objc,obj-c++,fortran,lto,go,ada
Thread model: posix
gcc version 9.3.0 (GCC) 
COMPILER_PATH=/usr/lib/gcc/x86_64-unknown-linux-gnu/9.3.0/:/usr/lib/gcc/x86_64-unknown-linux-gnu/9.3.0/:/usr/lib/gcc/x86_64-unknown-linux-gnu/:/usr/lib/gcc/x86_64-unknown-linux-gnu/9.3.0/:/usr/lib/gcc/x86_64-unknown-linux-gnu/
LIBRARY_PATH=/usr/lib/gcc/x86_64-unknown-linux-gnu/9.3.0/:/usr/lib/gcc/x86_64-unknown-linux-gnu/9.3.0/../../../../lib/:/lib/../lib/:/usr/lib/../lib/:/usr/lib/gcc/x86_64-unknown-linux-gnu/9.3.0/../../../:/lib/:/usr/lib/
COLLECT_GCC_OPTIONS='-std=c++14' '-fPIC' '-Wall' '-Wextra' '-O3' '-march=native' '-ffast-math' '-Wno-unused-parameter' '-Wno-unused-label' '-v' '-rdynamic' '-o' 'cmTC_11d2b' '-shared-libgcc'
 /usr/lib/gcc/x86_64-unknown-linux-gnu/9.3.0/collect2 -plugin /usr/lib/gcc/x86_64-unknown-linux-gnu/9.3.0/liblto_plugin.so -plugin-opt=/usr/lib/gcc/x86_64-unknown-linux-gnu/9.3.0/lto-wrapper -plugin-opt=-fresolution=/tmp/ccTJIcxb.res -plugin-opt=-pass-through=-lgcc_s -plugin-opt=-pass-through=-lgcc -plugin-opt=-pass-through=-lc -plugin-opt=-pass-through=-lgcc_s -plugin-opt=-pass-through=-lgcc --build-id --eh-frame-hdr --hash-style=gnu -m elf_x86_64 -export-dynamic -dynamic-linker /lib/ld-linux-x86-64.so.2 -pie -o cmTC_11d2b /usr/lib/gcc/x86_64-unknown-linux-gnu/9.3.0/../../../../lib/Scrt1.o /usr/lib/gcc/x86_64-unknown-linux-gnu/9.3.0/../../../../lib/crti.o /usr/lib/gcc/x86_64-unknown-linux-gnu/9.3.0/crtbeginS.o -L/usr/lib/gcc/x86_64-unknown-linux-gnu/9.3.0 -L/usr/lib/gcc/x86_64-unknown-linux-gnu/9.3.0/../../../../lib -L/lib/../lib -L/usr/lib/../lib -L/usr/lib/gcc/x86_64-unknown-linux-gnu/9.3.0/../../.. CMakeFiles/cmTC_11d2b.dir/CMakeCXXCompilerABI.cpp.o -lstdc++ -lm -lgcc_s -lgcc -lc -lgcc_s -lgcc /usr/lib/gcc/x86_64-unknown-linux-gnu/9.3.0/crtfastmath.o /usr/lib/gcc/x86_64-unknown-linux-gnu/9.3.0/crtendS.o /usr/lib/gcc/x86_64-unknown-linux-gnu/9.3.0/../../../../lib/crtn.o
COLLECT_GCC_OPTIONS='-std=c++14' '-fPIC' '-Wall' '-Wextra' '-O3' '-march=native' '-ffast-math' '-Wno-unused-parameter' '-Wno-unused-label' '-v' '-rdynamic' '-o' 'cmTC_11d2b' '-shared-libgcc'
make[1]: Leaving directory '/home/sumun/Desktop/Bachelorthesis/dace/.dacecache/getStarted/build/CMakeFiles/CMakeTmp'



Parsed CXX implicit include dir info from above output: rv=done
  found start of include info
  found start of implicit include info
    add: [/usr/lib/gcc/x86_64-unknown-linux-gnu/9.3.0/../../../../include/c++/9.3.0]
    add: [/usr/lib/gcc/x86_64-unknown-linux-gnu/9.3.0/../../../../include/c++/9.3.0/x86_64-unknown-linux-gnu]
    add: [/usr/lib/gcc/x86_64-unknown-linux-gnu/9.3.0/../../../../include/c++/9.3.0/backward]
    add: [/usr/lib/gcc/x86_64-unknown-linux-gnu/9.3.0/include]
    add: [/usr/local/include]
    add: [/usr/lib/gcc/x86_64-unknown-linux-gnu/9.3.0/include-fixed]
    add: [/usr/include]
  end of search list found
  collapse include dir [/usr/lib/gcc/x86_64-unknown-linux-gnu/9.3.0/../../../../include/c++/9.3.0] ==> [/usr/include/c++/9.3.0]
  collapse include dir [/usr/lib/gcc/x86_64-unknown-linux-gnu/9.3.0/../../../../include/c++/9.3.0/x86_64-unknown-linux-gnu] ==> [/usr/include/c++/9.3.0/x86_64-unknown-linux-gnu]
  collapse include dir [/usr/lib/gcc/x86_64-unknown-linux-gnu/9.3.0/../../../../include/c++/9.3.0/backward] ==> [/usr/include/c++/9.3.0/backward]
  collapse include dir [/usr/lib/gcc/x86_64-unknown-linux-gnu/9.3.0/include] ==> [/usr/lib/gcc/x86_64-unknown-linux-gnu/9.3.0/include]
  collapse include dir [/usr/local/include] ==> [/usr/local/include]
  collapse include dir [/usr/lib/gcc/x86_64-unknown-linux-gnu/9.3.0/include-fixed] ==> [/usr/lib/gcc/x86_64-unknown-linux-gnu/9.3.0/include-fixed]
  collapse include dir [/usr/include] ==> [/usr/include]
  implicit include dirs: [/usr/include/c++/9.3.0;/usr/include/c++/9.3.0/x86_64-unknown-linux-gnu;/usr/include/c++/9.3.0/backward;/usr/lib/gcc/x86_64-unknown-linux-gnu/9.3.0/include;/usr/local/include;/usr/lib/gcc/x86_64-unknown-linux-gnu/9.3.0/include-fixed;/usr/include]


Parsed CXX implicit link information from above output:
  link line regex: [^( *|.*[/\])(g\+\+|CMAKE_LINK_STARTFILE-NOTFOUND|([^/\]+-)?ld|collect2)[^/\]*( |$)]
  ignore line: [Change Dir: /home/sumun/Desktop/Bachelorthesis/dace/.dacecache/getStarted/build/CMakeFiles/CMakeTmp]
  ignore line: []
  ignore line: [Run Build Command(s):/bin/make cmTC_11d2b/fast && /bin/make  -f CMakeFiles/cmTC_11d2b.dir/build.make CMakeFiles/cmTC_11d2b.dir/build]
  ignore line: [make[1]: Entering directory '/home/sumun/Desktop/Bachelorthesis/dace/.dacecache/getStarted/build/CMakeFiles/CMakeTmp']
  ignore line: [Building CXX object CMakeFiles/cmTC_11d2b.dir/CMakeCXXCompilerABI.cpp.o]
  link line: [/bin/g++   -std=c++14 -fPIC -Wall -Wextra -O3 -march=native -ffast-math -Wno-unused-parameter -Wno-unused-label    -v -o CMakeFiles/cmTC_11d2b.dir/CMakeCXXCompilerABI.cpp.o -c /home/sumun/.local/lib/python3.8/site-packages/cmake/data/share/cmake-3.18/Modules/CMakeCXXCompilerABI.cpp]
    arg [/bin/g++] ==> ignore
    arg [-std=c++14] ==> ignore
    arg [-fPIC] ==> ignore
    arg [-Wall] ==> ignore
    arg [-Wextra] ==> ignore
    arg [-O3] ==> ignore
    arg [-march=native] ==> ignore
    arg [-ffast-math] ==> ignore
    arg [-Wno-unused-parameter] ==> ignore
    arg [-Wno-unused-label] ==> ignore
    arg [-v] ==> ignore
    arg [-o] ==> ignore
    arg [CMakeFiles/cmTC_11d2b.dir/CMakeCXXCompilerABI.cpp.o] ==> ignore
    arg [-c] ==> ignore
    arg [/home/sumun/.local/lib/python3.8/site-packages/cmake/data/share/cmake-3.18/Modules/CMakeCXXCompilerABI.cpp] ==> ignore
  implicit libs: []
  implicit dirs: []
  implicit fwks: []


Determining if the include file pthread.h exists passed with the following output:
Change Dir: /home/sumun/Desktop/Bachelorthesis/dace/.dacecache/getStarted/build/CMakeFiles/CMakeTmp

Run Build Command(s):/bin/make cmTC_716e4/fast && /bin/make  -f CMakeFiles/cmTC_716e4.dir/build.make CMakeFiles/cmTC_716e4.dir/build
make[1]: Entering directory '/home/sumun/Desktop/Bachelorthesis/dace/.dacecache/getStarted/build/CMakeFiles/CMakeTmp'
Building C object CMakeFiles/cmTC_716e4.dir/CheckIncludeFile.c.o
/bin/cc    -o CMakeFiles/cmTC_716e4.dir/CheckIncludeFile.c.o -c /home/sumun/Desktop/Bachelorthesis/dace/.dacecache/getStarted/build/CMakeFiles/CMakeTmp/CheckIncludeFile.c
Linking C executable cmTC_716e4
/home/sumun/.local/lib/python3.8/site-packages/cmake/data/bin/cmake -E cmake_link_script CMakeFiles/cmTC_716e4.dir/link.txt --verbose=1
/bin/cc -rdynamic CMakeFiles/cmTC_716e4.dir/CheckIncludeFile.c.o -o cmTC_716e4 
make[1]: Leaving directory '/home/sumun/Desktop/Bachelorthesis/dace/.dacecache/getStarted/build/CMakeFiles/CMakeTmp'



Determining if the function pthread_create exists in the pthread passed with the following output:
Change Dir: /home/sumun/Desktop/Bachelorthesis/dace/.dacecache/getStarted/build/CMakeFiles/CMakeTmp

Run Build Command(s):/bin/make cmTC_8f6e2/fast && /bin/make  -f CMakeFiles/cmTC_8f6e2.dir/build.make CMakeFiles/cmTC_8f6e2.dir/build
make[1]: Entering directory '/home/sumun/Desktop/Bachelorthesis/dace/.dacecache/getStarted/build/CMakeFiles/CMakeTmp'
Building C object CMakeFiles/cmTC_8f6e2.dir/CheckFunctionExists.c.o
/bin/cc   -DCHECK_FUNCTION_EXISTS=pthread_create -o CMakeFiles/cmTC_8f6e2.dir/CheckFunctionExists.c.o -c /home/sumun/.local/lib/python3.8/site-packages/cmake/data/share/cmake-3.18/Modules/CheckFunctionExists.c
Linking C executable cmTC_8f6e2
/home/sumun/.local/lib/python3.8/site-packages/cmake/data/bin/cmake -E cmake_link_script CMakeFiles/cmTC_8f6e2.dir/link.txt --verbose=1
/bin/cc  -DCHECK_FUNCTION_EXISTS=pthread_create -rdynamic CMakeFiles/cmTC_8f6e2.dir/CheckFunctionExists.c.o -o cmTC_8f6e2  -lpthread 
make[1]: Leaving directory '/home/sumun/Desktop/Bachelorthesis/dace/.dacecache/getStarted/build/CMakeFiles/CMakeTmp'



Detecting C OpenMP compiler ABI info compiled with the following output:
Change Dir: /home/sumun/Desktop/Bachelorthesis/dace/.dacecache/getStarted/build/CMakeFiles/CMakeTmp

Run Build Command(s):/bin/make cmTC_94882/fast && /bin/make  -f CMakeFiles/cmTC_94882.dir/build.make CMakeFiles/cmTC_94882.dir/build
make[1]: Entering directory '/home/sumun/Desktop/Bachelorthesis/dace/.dacecache/getStarted/build/CMakeFiles/CMakeTmp'
Building C object CMakeFiles/cmTC_94882.dir/OpenMPTryFlag.c.o
/bin/cc   -fopenmp -v -o CMakeFiles/cmTC_94882.dir/OpenMPTryFlag.c.o -c /home/sumun/Desktop/Bachelorthesis/dace/.dacecache/getStarted/build/CMakeFiles/FindOpenMP/OpenMPTryFlag.c
Using built-in specs.
COLLECT_GCC=/bin/cc
Target: x86_64-unknown-linux-gnu
Configured with: /builddir/gcc-9.3.0/configure --build=x86_64-unknown-linux-gnu --enable-fast-character --enable-vtable-verify --prefix=/usr --mandir=/usr/share/man --infodir=/usr/share/info --libexecdir=/usr/lib --libdir=/usr/lib --enable-threads=posix --enable-__cxa_atexit --disable-multilib --with-system-zlib --enable-shared --enable-lto --enable-plugins --enable-linker-build-id --disable-werror --disable-nls --enable-default-pie --enable-default-ssp --enable-checking=release --disable-libstdcxx-pch --with-isl --with-linker-hash-style=gnu --disable-libunwind-exceptions --disable-target-libiberty --enable-serial-configure --enable-languages=c,c++,objc,obj-c++,fortran,lto,go,ada
Thread model: posix
gcc version 9.3.0 (GCC) 
COLLECT_GCC_OPTIONS='-fopenmp' '-v' '-o' 'CMakeFiles/cmTC_94882.dir/OpenMPTryFlag.c.o' '-c' '-mtune=generic' '-march=x86-64' '-pthread'
 /usr/lib/gcc/x86_64-unknown-linux-gnu/9.3.0/cc1 -quiet -v -D_REENTRANT /home/sumun/Desktop/Bachelorthesis/dace/.dacecache/getStarted/build/CMakeFiles/FindOpenMP/OpenMPTryFlag.c -quiet -dumpbase OpenMPTryFlag.c -mtune=generic -march=x86-64 -auxbase-strip CMakeFiles/cmTC_94882.dir/OpenMPTryFlag.c.o -version -fopenmp -o /tmp/cctxWitl.s
GNU C17 (GCC) version 9.3.0 (x86_64-unknown-linux-gnu)
	compiled by GNU C version 9.3.0, GMP version 6.2.0, MPFR version 4.0.2, MPC version 1.1.0, isl version isl-0.21-GMP

GGC heuristics: --param ggc-min-expand=100 --param ggc-min-heapsize=131072
ignoring nonexistent directory "/usr/lib/gcc/x86_64-unknown-linux-gnu/9.3.0/../../../../x86_64-unknown-linux-gnu/include"
#include "..." search starts here:
#include <...> search starts here:
 /usr/lib/gcc/x86_64-unknown-linux-gnu/9.3.0/include
 /usr/local/include
 /usr/lib/gcc/x86_64-unknown-linux-gnu/9.3.0/include-fixed
 /usr/include
End of search list.
GNU C17 (GCC) version 9.3.0 (x86_64-unknown-linux-gnu)
	compiled by GNU C version 9.3.0, GMP version 6.2.0, MPFR version 4.0.2, MPC version 1.1.0, isl version isl-0.21-GMP

GGC heuristics: --param ggc-min-expand=100 --param ggc-min-heapsize=131072
Compiler executable checksum: 500e6d52bb48facc56df0ab9bfbee9e2
COLLECT_GCC_OPTIONS='-fopenmp' '-v' '-o' 'CMakeFiles/cmTC_94882.dir/OpenMPTryFlag.c.o' '-c' '-mtune=generic' '-march=x86-64' '-pthread'
 as -v --64 -o CMakeFiles/cmTC_94882.dir/OpenMPTryFlag.c.o /tmp/cctxWitl.s
GNU assembler version 2.34 (x86_64-unknown-linux-gnu) using BFD version (GNU Binutils) 2.34
COMPILER_PATH=/usr/lib/gcc/x86_64-unknown-linux-gnu/9.3.0/:/usr/lib/gcc/x86_64-unknown-linux-gnu/9.3.0/:/usr/lib/gcc/x86_64-unknown-linux-gnu/:/usr/lib/gcc/x86_64-unknown-linux-gnu/9.3.0/:/usr/lib/gcc/x86_64-unknown-linux-gnu/
LIBRARY_PATH=/usr/lib/gcc/x86_64-unknown-linux-gnu/9.3.0/:/usr/lib/gcc/x86_64-unknown-linux-gnu/9.3.0/../../../../lib/:/lib/../lib/:/usr/lib/../lib/:/usr/lib/gcc/x86_64-unknown-linux-gnu/9.3.0/../../../:/lib/:/usr/lib/
COLLECT_GCC_OPTIONS='-fopenmp' '-v' '-o' 'CMakeFiles/cmTC_94882.dir/OpenMPTryFlag.c.o' '-c' '-mtune=generic' '-march=x86-64' '-pthread'
Linking C executable cmTC_94882
/home/sumun/.local/lib/python3.8/site-packages/cmake/data/bin/cmake -E cmake_link_script CMakeFiles/cmTC_94882.dir/link.txt --verbose=1
/bin/cc  -fopenmp -v -rdynamic CMakeFiles/cmTC_94882.dir/OpenMPTryFlag.c.o -o cmTC_94882  -v 
Using built-in specs.
COLLECT_GCC=/bin/cc
COLLECT_LTO_WRAPPER=/usr/lib/gcc/x86_64-unknown-linux-gnu/9.3.0/lto-wrapper
Target: x86_64-unknown-linux-gnu
Configured with: /builddir/gcc-9.3.0/configure --build=x86_64-unknown-linux-gnu --enable-fast-character --enable-vtable-verify --prefix=/usr --mandir=/usr/share/man --infodir=/usr/share/info --libexecdir=/usr/lib --libdir=/usr/lib --enable-threads=posix --enable-__cxa_atexit --disable-multilib --with-system-zlib --enable-shared --enable-lto --enable-plugins --enable-linker-build-id --disable-werror --disable-nls --enable-default-pie --enable-default-ssp --enable-checking=release --disable-libstdcxx-pch --with-isl --with-linker-hash-style=gnu --disable-libunwind-exceptions --disable-target-libiberty --enable-serial-configure --enable-languages=c,c++,objc,obj-c++,fortran,lto,go,ada
Thread model: posix
gcc version 9.3.0 (GCC) 
COMPILER_PATH=/usr/lib/gcc/x86_64-unknown-linux-gnu/9.3.0/:/usr/lib/gcc/x86_64-unknown-linux-gnu/9.3.0/:/usr/lib/gcc/x86_64-unknown-linux-gnu/:/usr/lib/gcc/x86_64-unknown-linux-gnu/9.3.0/:/usr/lib/gcc/x86_64-unknown-linux-gnu/
LIBRARY_PATH=/usr/lib/gcc/x86_64-unknown-linux-gnu/9.3.0/:/usr/lib/gcc/x86_64-unknown-linux-gnu/9.3.0/../../../../lib/:/lib/../lib/:/usr/lib/../lib/:/usr/lib/gcc/x86_64-unknown-linux-gnu/9.3.0/../../../:/lib/:/usr/lib/
Reading specs from /usr/lib/gcc/x86_64-unknown-linux-gnu/9.3.0/../../../../lib/libgomp.spec
COLLECT_GCC_OPTIONS='-fopenmp' '-v' '-rdynamic' '-o' 'cmTC_94882' '-v' '-mtune=generic' '-march=x86-64' '-pthread'
 /usr/lib/gcc/x86_64-unknown-linux-gnu/9.3.0/collect2 -plugin /usr/lib/gcc/x86_64-unknown-linux-gnu/9.3.0/liblto_plugin.so -plugin-opt=/usr/lib/gcc/x86_64-unknown-linux-gnu/9.3.0/lto-wrapper -plugin-opt=-fresolution=/tmp/ccBSSVaR.res -plugin-opt=-pass-through=-lgcc -plugin-opt=-pass-through=-lgcc_s -plugin-opt=-pass-through=-lpthread -plugin-opt=-pass-through=-lc -plugin-opt=-pass-through=-lgcc -plugin-opt=-pass-through=-lgcc_s --build-id --eh-frame-hdr --hash-style=gnu -m elf_x86_64 -export-dynamic -dynamic-linker /lib/ld-linux-x86-64.so.2 -pie -o cmTC_94882 /usr/lib/gcc/x86_64-unknown-linux-gnu/9.3.0/../../../../lib/Scrt1.o /usr/lib/gcc/x86_64-unknown-linux-gnu/9.3.0/../../../../lib/crti.o /usr/lib/gcc/x86_64-unknown-linux-gnu/9.3.0/crtbeginS.o -L/usr/lib/gcc/x86_64-unknown-linux-gnu/9.3.0 -L/usr/lib/gcc/x86_64-unknown-linux-gnu/9.3.0/../../../../lib -L/lib/../lib -L/usr/lib/../lib -L/usr/lib/gcc/x86_64-unknown-linux-gnu/9.3.0/../../.. CMakeFiles/cmTC_94882.dir/OpenMPTryFlag.c.o -lgomp -lgcc --push-state --as-needed -lgcc_s --pop-state -lpthread -lc -lgcc --push-state --as-needed -lgcc_s --pop-state /usr/lib/gcc/x86_64-unknown-linux-gnu/9.3.0/crtendS.o /usr/lib/gcc/x86_64-unknown-linux-gnu/9.3.0/../../../../lib/crtn.o
COLLECT_GCC_OPTIONS='-fopenmp' '-v' '-rdynamic' '-o' 'cmTC_94882' '-v' '-mtune=generic' '-march=x86-64' '-pthread'
make[1]: Leaving directory '/home/sumun/Desktop/Bachelorthesis/dace/.dacecache/getStarted/build/CMakeFiles/CMakeTmp'



Parsed C OpenMP implicit link information from above output:
  link line regex: [^( *|.*[/\])(g\+\+|CMAKE_LINK_STARTFILE-NOTFOUND|([^/\]+-)?ld|collect2)[^/\]*( |$)]
  ignore line: [Change Dir: /home/sumun/Desktop/Bachelorthesis/dace/.dacecache/getStarted/build/CMakeFiles/CMakeTmp]
  ignore line: []
  ignore line: [Run Build Command(s):/bin/make cmTC_94882/fast && /bin/make  -f CMakeFiles/cmTC_94882.dir/build.make CMakeFiles/cmTC_94882.dir/build]
  ignore line: [make[1]: Entering directory '/home/sumun/Desktop/Bachelorthesis/dace/.dacecache/getStarted/build/CMakeFiles/CMakeTmp']
  ignore line: [Building C object CMakeFiles/cmTC_94882.dir/OpenMPTryFlag.c.o]
  ignore line: [/bin/cc   -fopenmp -v -o CMakeFiles/cmTC_94882.dir/OpenMPTryFlag.c.o -c /home/sumun/Desktop/Bachelorthesis/dace/.dacecache/getStarted/build/CMakeFiles/FindOpenMP/OpenMPTryFlag.c]
  ignore line: [Using built-in specs.]
  ignore line: [COLLECT_GCC=/bin/cc]
  ignore line: [Target: x86_64-unknown-linux-gnu]
  ignore line: [Configured with: /builddir/gcc-9.3.0/configure --build=x86_64-unknown-linux-gnu --enable-fast-character --enable-vtable-verify --prefix=/usr --mandir=/usr/share/man --infodir=/usr/share/info --libexecdir=/usr/lib --libdir=/usr/lib --enable-threads=posix --enable-__cxa_atexit --disable-multilib --with-system-zlib --enable-shared --enable-lto --enable-plugins --enable-linker-build-id --disable-werror --disable-nls --enable-default-pie --enable-default-ssp --enable-checking=release --disable-libstdcxx-pch --with-isl --with-linker-hash-style=gnu --disable-libunwind-exceptions --disable-target-libiberty --enable-serial-configure --enable-languages=c c++ objc obj-c++ fortran lto go ada]
  ignore line: [Thread model: posix]
  ignore line: [gcc version 9.3.0 (GCC) ]
  ignore line: [COLLECT_GCC_OPTIONS='-fopenmp' '-v' '-o' 'CMakeFiles/cmTC_94882.dir/OpenMPTryFlag.c.o' '-c' '-mtune=generic' '-march=x86-64' '-pthread']
  ignore line: [ /usr/lib/gcc/x86_64-unknown-linux-gnu/9.3.0/cc1 -quiet -v -D_REENTRANT /home/sumun/Desktop/Bachelorthesis/dace/.dacecache/getStarted/build/CMakeFiles/FindOpenMP/OpenMPTryFlag.c -quiet -dumpbase OpenMPTryFlag.c -mtune=generic -march=x86-64 -auxbase-strip CMakeFiles/cmTC_94882.dir/OpenMPTryFlag.c.o -version -fopenmp -o /tmp/cctxWitl.s]
  ignore line: [GNU C17 (GCC) version 9.3.0 (x86_64-unknown-linux-gnu)]
  ignore line: [	compiled by GNU C version 9.3.0  GMP version 6.2.0  MPFR version 4.0.2  MPC version 1.1.0  isl version isl-0.21-GMP]
  ignore line: []
  ignore line: [GGC heuristics: --param ggc-min-expand=100 --param ggc-min-heapsize=131072]
  ignore line: [ignoring nonexistent directory "/usr/lib/gcc/x86_64-unknown-linux-gnu/9.3.0/../../../../x86_64-unknown-linux-gnu/include"]
  ignore line: [#include "..." search starts here:]
  ignore line: [#include <...> search starts here:]
  ignore line: [ /usr/lib/gcc/x86_64-unknown-linux-gnu/9.3.0/include]
  ignore line: [ /usr/local/include]
  ignore line: [ /usr/lib/gcc/x86_64-unknown-linux-gnu/9.3.0/include-fixed]
  ignore line: [ /usr/include]
  ignore line: [End of search list.]
  ignore line: [GNU C17 (GCC) version 9.3.0 (x86_64-unknown-linux-gnu)]
  ignore line: [	compiled by GNU C version 9.3.0  GMP version 6.2.0  MPFR version 4.0.2  MPC version 1.1.0  isl version isl-0.21-GMP]
  ignore line: []
  ignore line: [GGC heuristics: --param ggc-min-expand=100 --param ggc-min-heapsize=131072]
  ignore line: [Compiler executable checksum: 500e6d52bb48facc56df0ab9bfbee9e2]
  ignore line: [COLLECT_GCC_OPTIONS='-fopenmp' '-v' '-o' 'CMakeFiles/cmTC_94882.dir/OpenMPTryFlag.c.o' '-c' '-mtune=generic' '-march=x86-64' '-pthread']
  ignore line: [ as -v --64 -o CMakeFiles/cmTC_94882.dir/OpenMPTryFlag.c.o /tmp/cctxWitl.s]
  ignore line: [GNU assembler version 2.34 (x86_64-unknown-linux-gnu) using BFD version (GNU Binutils) 2.34]
  ignore line: [COMPILER_PATH=/usr/lib/gcc/x86_64-unknown-linux-gnu/9.3.0/:/usr/lib/gcc/x86_64-unknown-linux-gnu/9.3.0/:/usr/lib/gcc/x86_64-unknown-linux-gnu/:/usr/lib/gcc/x86_64-unknown-linux-gnu/9.3.0/:/usr/lib/gcc/x86_64-unknown-linux-gnu/]
  ignore line: [LIBRARY_PATH=/usr/lib/gcc/x86_64-unknown-linux-gnu/9.3.0/:/usr/lib/gcc/x86_64-unknown-linux-gnu/9.3.0/../../../../lib/:/lib/../lib/:/usr/lib/../lib/:/usr/lib/gcc/x86_64-unknown-linux-gnu/9.3.0/../../../:/lib/:/usr/lib/]
  ignore line: [COLLECT_GCC_OPTIONS='-fopenmp' '-v' '-o' 'CMakeFiles/cmTC_94882.dir/OpenMPTryFlag.c.o' '-c' '-mtune=generic' '-march=x86-64' '-pthread']
  ignore line: [Linking C executable cmTC_94882]
  ignore line: [/home/sumun/.local/lib/python3.8/site-packages/cmake/data/bin/cmake -E cmake_link_script CMakeFiles/cmTC_94882.dir/link.txt --verbose=1]
  ignore line: [/bin/cc  -fopenmp -v -rdynamic CMakeFiles/cmTC_94882.dir/OpenMPTryFlag.c.o -o cmTC_94882  -v ]
  ignore line: [Using built-in specs.]
  ignore line: [COLLECT_GCC=/bin/cc]
  ignore line: [COLLECT_LTO_WRAPPER=/usr/lib/gcc/x86_64-unknown-linux-gnu/9.3.0/lto-wrapper]
  ignore line: [Target: x86_64-unknown-linux-gnu]
  ignore line: [Configured with: /builddir/gcc-9.3.0/configure --build=x86_64-unknown-linux-gnu --enable-fast-character --enable-vtable-verify --prefix=/usr --mandir=/usr/share/man --infodir=/usr/share/info --libexecdir=/usr/lib --libdir=/usr/lib --enable-threads=posix --enable-__cxa_atexit --disable-multilib --with-system-zlib --enable-shared --enable-lto --enable-plugins --enable-linker-build-id --disable-werror --disable-nls --enable-default-pie --enable-default-ssp --enable-checking=release --disable-libstdcxx-pch --with-isl --with-linker-hash-style=gnu --disable-libunwind-exceptions --disable-target-libiberty --enable-serial-configure --enable-languages=c c++ objc obj-c++ fortran lto go ada]
  ignore line: [Thread model: posix]
  ignore line: [gcc version 9.3.0 (GCC) ]
  ignore line: [COMPILER_PATH=/usr/lib/gcc/x86_64-unknown-linux-gnu/9.3.0/:/usr/lib/gcc/x86_64-unknown-linux-gnu/9.3.0/:/usr/lib/gcc/x86_64-unknown-linux-gnu/:/usr/lib/gcc/x86_64-unknown-linux-gnu/9.3.0/:/usr/lib/gcc/x86_64-unknown-linux-gnu/]
  ignore line: [LIBRARY_PATH=/usr/lib/gcc/x86_64-unknown-linux-gnu/9.3.0/:/usr/lib/gcc/x86_64-unknown-linux-gnu/9.3.0/../../../../lib/:/lib/../lib/:/usr/lib/../lib/:/usr/lib/gcc/x86_64-unknown-linux-gnu/9.3.0/../../../:/lib/:/usr/lib/]
  ignore line: [Reading specs from /usr/lib/gcc/x86_64-unknown-linux-gnu/9.3.0/../../../../lib/libgomp.spec]
  ignore line: [COLLECT_GCC_OPTIONS='-fopenmp' '-v' '-rdynamic' '-o' 'cmTC_94882' '-v' '-mtune=generic' '-march=x86-64' '-pthread']
  link line: [ /usr/lib/gcc/x86_64-unknown-linux-gnu/9.3.0/collect2 -plugin /usr/lib/gcc/x86_64-unknown-linux-gnu/9.3.0/liblto_plugin.so -plugin-opt=/usr/lib/gcc/x86_64-unknown-linux-gnu/9.3.0/lto-wrapper -plugin-opt=-fresolution=/tmp/ccBSSVaR.res -plugin-opt=-pass-through=-lgcc -plugin-opt=-pass-through=-lgcc_s -plugin-opt=-pass-through=-lpthread -plugin-opt=-pass-through=-lc -plugin-opt=-pass-through=-lgcc -plugin-opt=-pass-through=-lgcc_s --build-id --eh-frame-hdr --hash-style=gnu -m elf_x86_64 -export-dynamic -dynamic-linker /lib/ld-linux-x86-64.so.2 -pie -o cmTC_94882 /usr/lib/gcc/x86_64-unknown-linux-gnu/9.3.0/../../../../lib/Scrt1.o /usr/lib/gcc/x86_64-unknown-linux-gnu/9.3.0/../../../../lib/crti.o /usr/lib/gcc/x86_64-unknown-linux-gnu/9.3.0/crtbeginS.o -L/usr/lib/gcc/x86_64-unknown-linux-gnu/9.3.0 -L/usr/lib/gcc/x86_64-unknown-linux-gnu/9.3.0/../../../../lib -L/lib/../lib -L/usr/lib/../lib -L/usr/lib/gcc/x86_64-unknown-linux-gnu/9.3.0/../../.. CMakeFiles/cmTC_94882.dir/OpenMPTryFlag.c.o -lgomp -lgcc --push-state --as-needed -lgcc_s --pop-state -lpthread -lc -lgcc --push-state --as-needed -lgcc_s --pop-state /usr/lib/gcc/x86_64-unknown-linux-gnu/9.3.0/crtendS.o /usr/lib/gcc/x86_64-unknown-linux-gnu/9.3.0/../../../../lib/crtn.o]
    arg [/usr/lib/gcc/x86_64-unknown-linux-gnu/9.3.0/collect2] ==> ignore
    arg [-plugin] ==> ignore
    arg [/usr/lib/gcc/x86_64-unknown-linux-gnu/9.3.0/liblto_plugin.so] ==> ignore
    arg [-plugin-opt=/usr/lib/gcc/x86_64-unknown-linux-gnu/9.3.0/lto-wrapper] ==> ignore
    arg [-plugin-opt=-fresolution=/tmp/ccBSSVaR.res] ==> ignore
    arg [-plugin-opt=-pass-through=-lgcc] ==> ignore
    arg [-plugin-opt=-pass-through=-lgcc_s] ==> ignore
    arg [-plugin-opt=-pass-through=-lpthread] ==> ignore
    arg [-plugin-opt=-pass-through=-lc] ==> ignore
    arg [-plugin-opt=-pass-through=-lgcc] ==> ignore
    arg [-plugin-opt=-pass-through=-lgcc_s] ==> ignore
    arg [--build-id] ==> ignore
    arg [--eh-frame-hdr] ==> ignore
    arg [--hash-style=gnu] ==> ignore
    arg [-m] ==> ignore
    arg [elf_x86_64] ==> ignore
    arg [-export-dynamic] ==> ignore
    arg [-dynamic-linker] ==> ignore
    arg [/lib/ld-linux-x86-64.so.2] ==> ignore
    arg [-pie] ==> ignore
    arg [-o] ==> ignore
    arg [cmTC_94882] ==> ignore
    arg [/usr/lib/gcc/x86_64-unknown-linux-gnu/9.3.0/../../../../lib/Scrt1.o] ==> ignore
    arg [/usr/lib/gcc/x86_64-unknown-linux-gnu/9.3.0/../../../../lib/crti.o] ==> ignore
    arg [/usr/lib/gcc/x86_64-unknown-linux-gnu/9.3.0/crtbeginS.o] ==> ignore
    arg [-L/usr/lib/gcc/x86_64-unknown-linux-gnu/9.3.0] ==> dir [/usr/lib/gcc/x86_64-unknown-linux-gnu/9.3.0]
    arg [-L/usr/lib/gcc/x86_64-unknown-linux-gnu/9.3.0/../../../../lib] ==> dir [/usr/lib/gcc/x86_64-unknown-linux-gnu/9.3.0/../../../../lib]
    arg [-L/lib/../lib] ==> dir [/lib/../lib]
    arg [-L/usr/lib/../lib] ==> dir [/usr/lib/../lib]
    arg [-L/usr/lib/gcc/x86_64-unknown-linux-gnu/9.3.0/../../..] ==> dir [/usr/lib/gcc/x86_64-unknown-linux-gnu/9.3.0/../../..]
    arg [CMakeFiles/cmTC_94882.dir/OpenMPTryFlag.c.o] ==> ignore
    arg [-lgomp] ==> lib [gomp]
    arg [-lgcc] ==> lib [gcc]
    arg [--push-state] ==> ignore
    arg [--as-needed] ==> ignore
    arg [-lgcc_s] ==> lib [gcc_s]
    arg [--pop-state] ==> ignore
    arg [-lpthread] ==> lib [pthread]
    arg [-lc] ==> lib [c]
    arg [-lgcc] ==> lib [gcc]
    arg [--push-state] ==> ignore
    arg [--as-needed] ==> ignore
    arg [-lgcc_s] ==> lib [gcc_s]
    arg [--pop-state] ==> ignore
    arg [/usr/lib/gcc/x86_64-unknown-linux-gnu/9.3.0/crtendS.o] ==> ignore
    arg [/usr/lib/gcc/x86_64-unknown-linux-gnu/9.3.0/../../../../lib/crtn.o] ==> ignore
  collapse library dir [/usr/lib/gcc/x86_64-unknown-linux-gnu/9.3.0] ==> [/usr/lib/gcc/x86_64-unknown-linux-gnu/9.3.0]
  collapse library dir [/usr/lib/gcc/x86_64-unknown-linux-gnu/9.3.0/../../../../lib] ==> [/usr/lib]
  collapse library dir [/lib/../lib] ==> [/lib]
  collapse library dir [/usr/lib/../lib] ==> [/usr/lib]
  collapse library dir [/usr/lib/gcc/x86_64-unknown-linux-gnu/9.3.0/../../..] ==> [/usr/lib]
  implicit libs: [gomp;gcc;gcc_s;pthread;c;gcc;gcc_s]
  implicit dirs: [/usr/lib/gcc/x86_64-unknown-linux-gnu/9.3.0;/usr/lib;/lib]
  implicit fwks: []


Detecting CXX OpenMP compiler ABI info compiled with the following output:
Change Dir: /home/sumun/Desktop/Bachelorthesis/dace/.dacecache/getStarted/build/CMakeFiles/CMakeTmp

Run Build Command(s):/bin/make cmTC_dc0db/fast && /bin/make  -f CMakeFiles/cmTC_dc0db.dir/build.make CMakeFiles/cmTC_dc0db.dir/build
make[1]: Entering directory '/home/sumun/Desktop/Bachelorthesis/dace/.dacecache/getStarted/build/CMakeFiles/CMakeTmp'
Building CXX object CMakeFiles/cmTC_dc0db.dir/OpenMPTryFlag.cpp.o
/bin/g++   -std=c++14 -fPIC -Wall -Wextra -O3 -march=native -ffast-math -Wno-unused-parameter -Wno-unused-label -fopenmp -v -o CMakeFiles/cmTC_dc0db.dir/OpenMPTryFlag.cpp.o -c /home/sumun/Desktop/Bachelorthesis/dace/.dacecache/getStarted/build/CMakeFiles/FindOpenMP/OpenMPTryFlag.cpp
Using built-in specs.
COLLECT_GCC=/bin/g++
Target: x86_64-unknown-linux-gnu
Configured with: /builddir/gcc-9.3.0/configure --build=x86_64-unknown-linux-gnu --enable-fast-character --enable-vtable-verify --prefix=/usr --mandir=/usr/share/man --infodir=/usr/share/info --libexecdir=/usr/lib --libdir=/usr/lib --enable-threads=posix --enable-__cxa_atexit --disable-multilib --with-system-zlib --enable-shared --enable-lto --enable-plugins --enable-linker-build-id --disable-werror --disable-nls --enable-default-pie --enable-default-ssp --enable-checking=release --disable-libstdcxx-pch --with-isl --with-linker-hash-style=gnu --disable-libunwind-exceptions --disable-target-libiberty --enable-serial-configure --enable-languages=c,c++,objc,obj-c++,fortran,lto,go,ada
Thread model: posix
gcc version 9.3.0 (GCC) 
COLLECT_GCC_OPTIONS='-std=c++14' '-fPIC' '-Wall' '-Wextra' '-O3' '-march=native' '-ffast-math' '-Wno-unused-parameter' '-Wno-unused-label' '-fopenmp' '-v' '-o' 'CMakeFiles/cmTC_dc0db.dir/OpenMPTryFlag.cpp.o' '-c' '-shared-libgcc' '-pthread'
 /usr/lib/gcc/x86_64-unknown-linux-gnu/9.3.0/cc1plus -quiet -v -D_GNU_SOURCE -D_REENTRANT /home/sumun/Desktop/Bachelorthesis/dace/.dacecache/getStarted/build/CMakeFiles/FindOpenMP/OpenMPTryFlag.cpp -march=skylake -mmmx -mno-3dnow -msse -msse2 -msse3 -mssse3 -mno-sse4a -mcx16 -msahf -mmovbe -maes -mno-sha -mpclmul -mpopcnt -mabm -mno-lwp -mfma -mno-fma4 -mno-xop -mbmi -msgx -mbmi2 -mno-pconfig -mno-wbnoinvd -mno-tbm -mavx -mavx2 -msse4.2 -msse4.1 -mlzcnt -mno-rtm -mno-hle -mrdrnd -mf16c -mfsgsbase -mrdseed -mprfchw -madx -mfxsr -mxsave -mxsaveopt -mno-avx512f -mno-avx512er -mno-avx512cd -mno-avx512pf -mno-prefetchwt1 -mclflushopt -mxsavec -mxsaves -mno-avx512dq -mno-avx512bw -mno-avx512vl -mno-avx512ifma -mno-avx512vbmi -mno-avx5124fmaps -mno-avx5124vnniw -mno-clwb -mno-mwaitx -mno-clzero -mno-pku -mno-rdpid -mno-gfni -mno-shstk -mno-avx512vbmi2 -mno-avx512vnni -mno-vaes -mno-vpclmulqdq -mno-avx512bitalg -mno-movdiri -mno-movdir64b -mno-waitpkg -mno-cldemote -mno-ptwrite --param l1-cache-size=32 --param l1-cache-line-size=64 --param l2-cache-size=8192 -mtune=skylake -quiet -dumpbase OpenMPTryFlag.cpp -auxbase-strip CMakeFiles/cmTC_dc0db.dir/OpenMPTryFlag.cpp.o -O3 -Wall -Wextra -Wno-unused-parameter -Wno-unused-label -std=c++14 -version -fPIC -ffast-math -fopenmp -o /tmp/cc8JE1Jn.s
GNU C++14 (GCC) version 9.3.0 (x86_64-unknown-linux-gnu)
	compiled by GNU C version 9.3.0, GMP version 6.2.0, MPFR version 4.0.2, MPC version 1.1.0, isl version isl-0.21-GMP

GGC heuristics: --param ggc-min-expand=100 --param ggc-min-heapsize=131072
ignoring nonexistent directory "/usr/lib/gcc/x86_64-unknown-linux-gnu/9.3.0/../../../../x86_64-unknown-linux-gnu/include"
#include "..." search starts here:
#include <...> search starts here:
 /usr/lib/gcc/x86_64-unknown-linux-gnu/9.3.0/../../../../include/c++/9.3.0
 /usr/lib/gcc/x86_64-unknown-linux-gnu/9.3.0/../../../../include/c++/9.3.0/x86_64-unknown-linux-gnu
 /usr/lib/gcc/x86_64-unknown-linux-gnu/9.3.0/../../../../include/c++/9.3.0/backward
 /usr/lib/gcc/x86_64-unknown-linux-gnu/9.3.0/include
 /usr/local/include
 /usr/lib/gcc/x86_64-unknown-linux-gnu/9.3.0/include-fixed
 /usr/include
End of search list.
GNU C++14 (GCC) version 9.3.0 (x86_64-unknown-linux-gnu)
	compiled by GNU C version 9.3.0, GMP version 6.2.0, MPFR version 4.0.2, MPC version 1.1.0, isl version isl-0.21-GMP

GGC heuristics: --param ggc-min-expand=100 --param ggc-min-heapsize=131072
Compiler executable checksum: ea37318b4d6730ab24e96155bf9d39db
COLLECT_GCC_OPTIONS='-std=c++14' '-fPIC' '-Wall' '-Wextra' '-O3' '-march=native' '-ffast-math' '-Wno-unused-parameter' '-Wno-unused-label' '-fopenmp' '-v' '-o' 'CMakeFiles/cmTC_dc0db.dir/OpenMPTryFlag.cpp.o' '-c' '-shared-libgcc' '-pthread'
 as -v --64 -o CMakeFiles/cmTC_dc0db.dir/OpenMPTryFlag.cpp.o /tmp/cc8JE1Jn.s
GNU assembler version 2.34 (x86_64-unknown-linux-gnu) using BFD version (GNU Binutils) 2.34
COMPILER_PATH=/usr/lib/gcc/x86_64-unknown-linux-gnu/9.3.0/:/usr/lib/gcc/x86_64-unknown-linux-gnu/9.3.0/:/usr/lib/gcc/x86_64-unknown-linux-gnu/:/usr/lib/gcc/x86_64-unknown-linux-gnu/9.3.0/:/usr/lib/gcc/x86_64-unknown-linux-gnu/
LIBRARY_PATH=/usr/lib/gcc/x86_64-unknown-linux-gnu/9.3.0/:/usr/lib/gcc/x86_64-unknown-linux-gnu/9.3.0/../../../../lib/:/lib/../lib/:/usr/lib/../lib/:/usr/lib/gcc/x86_64-unknown-linux-gnu/9.3.0/../../../:/lib/:/usr/lib/
COLLECT_GCC_OPTIONS='-std=c++14' '-fPIC' '-Wall' '-Wextra' '-O3' '-march=native' '-ffast-math' '-Wno-unused-parameter' '-Wno-unused-label' '-fopenmp' '-v' '-o' 'CMakeFiles/cmTC_dc0db.dir/OpenMPTryFlag.cpp.o' '-c' '-shared-libgcc' '-pthread'
Linking CXX executable cmTC_dc0db
/home/sumun/.local/lib/python3.8/site-packages/cmake/data/bin/cmake -E cmake_link_script CMakeFiles/cmTC_dc0db.dir/link.txt --verbose=1
/bin/g++ -std=c++14 -fPIC -Wall -Wextra -O3 -march=native -ffast-math -Wno-unused-parameter -Wno-unused-label -fopenmp -v -rdynamic CMakeFiles/cmTC_dc0db.dir/OpenMPTryFlag.cpp.o -o cmTC_dc0db  -v 
Using built-in specs.
COLLECT_GCC=/bin/g++
COLLECT_LTO_WRAPPER=/usr/lib/gcc/x86_64-unknown-linux-gnu/9.3.0/lto-wrapper
Target: x86_64-unknown-linux-gnu
Configured with: /builddir/gcc-9.3.0/configure --build=x86_64-unknown-linux-gnu --enable-fast-character --enable-vtable-verify --prefix=/usr --mandir=/usr/share/man --infodir=/usr/share/info --libexecdir=/usr/lib --libdir=/usr/lib --enable-threads=posix --enable-__cxa_atexit --disable-multilib --with-system-zlib --enable-shared --enable-lto --enable-plugins --enable-linker-build-id --disable-werror --disable-nls --enable-default-pie --enable-default-ssp --enable-checking=release --disable-libstdcxx-pch --with-isl --with-linker-hash-style=gnu --disable-libunwind-exceptions --disable-target-libiberty --enable-serial-configure --enable-languages=c,c++,objc,obj-c++,fortran,lto,go,ada
Thread model: posix
gcc version 9.3.0 (GCC) 
COMPILER_PATH=/usr/lib/gcc/x86_64-unknown-linux-gnu/9.3.0/:/usr/lib/gcc/x86_64-unknown-linux-gnu/9.3.0/:/usr/lib/gcc/x86_64-unknown-linux-gnu/:/usr/lib/gcc/x86_64-unknown-linux-gnu/9.3.0/:/usr/lib/gcc/x86_64-unknown-linux-gnu/
LIBRARY_PATH=/usr/lib/gcc/x86_64-unknown-linux-gnu/9.3.0/:/usr/lib/gcc/x86_64-unknown-linux-gnu/9.3.0/../../../../lib/:/lib/../lib/:/usr/lib/../lib/:/usr/lib/gcc/x86_64-unknown-linux-gnu/9.3.0/../../../:/lib/:/usr/lib/
Reading specs from /usr/lib/gcc/x86_64-unknown-linux-gnu/9.3.0/../../../../lib/libgomp.spec
COLLECT_GCC_OPTIONS='-std=c++14' '-fPIC' '-Wall' '-Wextra' '-O3' '-march=native' '-ffast-math' '-Wno-unused-parameter' '-Wno-unused-label' '-fopenmp' '-v' '-rdynamic' '-o' 'cmTC_dc0db' '-v' '-shared-libgcc' '-pthread'
 /usr/lib/gcc/x86_64-unknown-linux-gnu/9.3.0/collect2 -plugin /usr/lib/gcc/x86_64-unknown-linux-gnu/9.3.0/liblto_plugin.so -plugin-opt=/usr/lib/gcc/x86_64-unknown-linux-gnu/9.3.0/lto-wrapper -plugin-opt=-fresolution=/tmp/cceoLeAM.res -plugin-opt=-pass-through=-lgcc_s -plugin-opt=-pass-through=-lgcc -plugin-opt=-pass-through=-lpthread -plugin-opt=-pass-through=-lc -plugin-opt=-pass-through=-lgcc_s -plugin-opt=-pass-through=-lgcc --build-id --eh-frame-hdr --hash-style=gnu -m elf_x86_64 -export-dynamic -dynamic-linker /lib/ld-linux-x86-64.so.2 -pie -o cmTC_dc0db /usr/lib/gcc/x86_64-unknown-linux-gnu/9.3.0/../../../../lib/Scrt1.o /usr/lib/gcc/x86_64-unknown-linux-gnu/9.3.0/../../../../lib/crti.o /usr/lib/gcc/x86_64-unknown-linux-gnu/9.3.0/crtbeginS.o -L/usr/lib/gcc/x86_64-unknown-linux-gnu/9.3.0 -L/usr/lib/gcc/x86_64-unknown-linux-gnu/9.3.0/../../../../lib -L/lib/../lib -L/usr/lib/../lib -L/usr/lib/gcc/x86_64-unknown-linux-gnu/9.3.0/../../.. CMakeFiles/cmTC_dc0db.dir/OpenMPTryFlag.cpp.o -lstdc++ -lm -lgomp -lgcc_s -lgcc -lpthread -lc -lgcc_s -lgcc /usr/lib/gcc/x86_64-unknown-linux-gnu/9.3.0/crtfastmath.o /usr/lib/gcc/x86_64-unknown-linux-gnu/9.3.0/crtendS.o /usr/lib/gcc/x86_64-unknown-linux-gnu/9.3.0/../../../../lib/crtn.o
COLLECT_GCC_OPTIONS='-std=c++14' '-fPIC' '-Wall' '-Wextra' '-O3' '-march=native' '-ffast-math' '-Wno-unused-parameter' '-Wno-unused-label' '-fopenmp' '-v' '-rdynamic' '-o' 'cmTC_dc0db' '-v' '-shared-libgcc' '-pthread'
make[1]: Leaving directory '/home/sumun/Desktop/Bachelorthesis/dace/.dacecache/getStarted/build/CMakeFiles/CMakeTmp'



Parsed CXX OpenMP implicit link information from above output:
  link line regex: [^( *|.*[/\])(g\+\+|CMAKE_LINK_STARTFILE-NOTFOUND|([^/\]+-)?ld|collect2)[^/\]*( |$)]
  ignore line: [Change Dir: /home/sumun/Desktop/Bachelorthesis/dace/.dacecache/getStarted/build/CMakeFiles/CMakeTmp]
  ignore line: []
  ignore line: [Run Build Command(s):/bin/make cmTC_dc0db/fast && /bin/make  -f CMakeFiles/cmTC_dc0db.dir/build.make CMakeFiles/cmTC_dc0db.dir/build]
  ignore line: [make[1]: Entering directory '/home/sumun/Desktop/Bachelorthesis/dace/.dacecache/getStarted/build/CMakeFiles/CMakeTmp']
  ignore line: [Building CXX object CMakeFiles/cmTC_dc0db.dir/OpenMPTryFlag.cpp.o]
  link line: [/bin/g++   -std=c++14 -fPIC -Wall -Wextra -O3 -march=native -ffast-math -Wno-unused-parameter -Wno-unused-label -fopenmp -v -o CMakeFiles/cmTC_dc0db.dir/OpenMPTryFlag.cpp.o -c /home/sumun/Desktop/Bachelorthesis/dace/.dacecache/getStarted/build/CMakeFiles/FindOpenMP/OpenMPTryFlag.cpp]
    arg [/bin/g++] ==> ignore
    arg [-std=c++14] ==> ignore
    arg [-fPIC] ==> ignore
    arg [-Wall] ==> ignore
    arg [-Wextra] ==> ignore
    arg [-O3] ==> ignore
    arg [-march=native] ==> ignore
    arg [-ffast-math] ==> ignore
    arg [-Wno-unused-parameter] ==> ignore
    arg [-Wno-unused-label] ==> ignore
    arg [-fopenmp] ==> ignore
    arg [-v] ==> ignore
    arg [-o] ==> ignore
    arg [CMakeFiles/cmTC_dc0db.dir/OpenMPTryFlag.cpp.o] ==> ignore
    arg [-c] ==> ignore
    arg [/home/sumun/Desktop/Bachelorthesis/dace/.dacecache/getStarted/build/CMakeFiles/FindOpenMP/OpenMPTryFlag.cpp] ==> ignore
  implicit libs: []
  implicit dirs: []
  implicit fwks: []


