Performing C SOURCE FILE Test CMAKE_HAVE_LIBC_PTHREAD failed with the following output:
Change Dir: /home/sumun/Desktop/Bachelorthesis/dace/.dacecache/getstarted/build/CMakeFiles/CMakeTmp

Run Build Command(s):/bin/make cmTC_9cc32/fast && /bin/make  -f CMakeFiles/cmTC_9cc32.dir/build.make CMakeFiles/cmTC_9cc32.dir/build
make[1]: Entering directory '/home/sumun/Desktop/Bachelorthesis/dace/.dacecache/getstarted/build/CMakeFiles/CMakeTmp'
Building C object CMakeFiles/cmTC_9cc32.dir/src.c.o
/bin/cc   -DCMAKE_HAVE_LIBC_PTHREAD -o CMakeFiles/cmTC_9cc32.dir/src.c.o -c /home/sumun/Desktop/Bachelorthesis/dace/.dacecache/getstarted/build/CMakeFiles/CMakeTmp/src.c
Linking C executable cmTC_9cc32
/home/sumun/.local/lib/python3.8/site-packages/cmake/data/bin/cmake -E cmake_link_script CMakeFiles/cmTC_9cc32.dir/link.txt --verbose=1
/bin/cc  -DCMAKE_HAVE_LIBC_PTHREAD -rdynamic CMakeFiles/cmTC_9cc32.dir/src.c.o -o cmTC_9cc32 
/bin/ld: CMakeFiles/cmTC_9cc32.dir/src.c.o: in function `main':
src.c:(.text+0x3e): undefined reference to `pthread_create'
/bin/ld: src.c:(.text+0x4a): undefined reference to `pthread_detach'
/bin/ld: src.c:(.text+0x56): undefined reference to `pthread_cancel'
/bin/ld: src.c:(.text+0x67): undefined reference to `pthread_join'
collect2: error: ld returned 1 exit status
make[1]: *** [CMakeFiles/cmTC_9cc32.dir/build.make:106: cmTC_9cc32] Error 1
make[1]: Leaving directory '/home/sumun/Desktop/Bachelorthesis/dace/.dacecache/getstarted/build/CMakeFiles/CMakeTmp'
make: *** [Makefile:140: cmTC_9cc32/fast] Error 2


Source file was:
#include <pthread.h>

void* test_func(void* data)
{
  return data;
}

int main(void)
{
  pthread_t thread;
  pthread_create(&thread, NULL, test_func, NULL);
  pthread_detach(thread);
  pthread_cancel(thread);
  pthread_join(thread, NULL);
  pthread_atfork(NULL, NULL, NULL);
  pthread_exit(NULL);

  return 0;
}

Determining if the function pthread_create exists in the pthreads failed with the following output:
Change Dir: /home/sumun/Desktop/Bachelorthesis/dace/.dacecache/getstarted/build/CMakeFiles/CMakeTmp

Run Build Command(s):/bin/make cmTC_a83a9/fast && /bin/make  -f CMakeFiles/cmTC_a83a9.dir/build.make CMakeFiles/cmTC_a83a9.dir/build
make[1]: Entering directory '/home/sumun/Desktop/Bachelorthesis/dace/.dacecache/getstarted/build/CMakeFiles/CMakeTmp'
Building C object CMakeFiles/cmTC_a83a9.dir/CheckFunctionExists.c.o
/bin/cc   -DCHECK_FUNCTION_EXISTS=pthread_create -o CMakeFiles/cmTC_a83a9.dir/CheckFunctionExists.c.o -c /home/sumun/.local/lib/python3.8/site-packages/cmake/data/share/cmake-3.18/Modules/CheckFunctionExists.c
Linking C executable cmTC_a83a9
/home/sumun/.local/lib/python3.8/site-packages/cmake/data/bin/cmake -E cmake_link_script CMakeFiles/cmTC_a83a9.dir/link.txt --verbose=1
/bin/cc  -DCHECK_FUNCTION_EXISTS=pthread_create -rdynamic CMakeFiles/cmTC_a83a9.dir/CheckFunctionExists.c.o -o cmTC_a83a9  -lpthreads 
/bin/ld: cannot find -lpthreads
collect2: error: ld returned 1 exit status
make[1]: *** [CMakeFiles/cmTC_a83a9.dir/build.make:106: cmTC_a83a9] Error 1
make[1]: Leaving directory '/home/sumun/Desktop/Bachelorthesis/dace/.dacecache/getstarted/build/CMakeFiles/CMakeTmp'
make: *** [Makefile:140: cmTC_a83a9/fast] Error 2



