matmul	DaCe	2000	0.03872561
matmul	DaCe	2000	0.02254893
matmul	DaCe	2000	0.03223397
matmul	DaCe	2000	0.03302399
matmul	DaCe	2000	0.03149086
matmul	DaCe	2000	0.03477524
matmul	DaCe	2000	0.03399610
matmul	DaCe	2000	0.03099791
matmul	DaCe	2000	0.02844661
matmul	DaCe	2000	0.03694760
matmul	DaCe	2000	0.03014007
matmul	DaCe	2000	0.03094289
matmul	DaCe	2000	0.02638696
matmul	DaCe	2000	0.03477125
matmul	DaCe	2000	0.03378100
matmul	DaCe	2000	0.03016615
matmul	DaCe	2000	0.03017169
matmul	DaCe	2000	0.03320758
matmul	DaCe	2000	0.02924794
matmul	DaCe	2000	0.03454117
matmul	DaCe	2000	0.02475258
matmul	DaCe	2000	0.03907131
matmul	DaCe	2000	0.03454516
matmul	DaCe	2000	0.02725877
matmul	DaCe	2000	0.03903599
matmul	DaCe	2000	0.03349129
matmul	DaCe	2000	0.02566345
matmul	DaCe	2000	0.04300070
matmul	DaCe	2000	0.03238635
matmul	DaCe	2000	0.02616036
matmul	DaCe	2000	0.03323497
matmul	DaCe	2000	0.03313047
matmul	DaCe	2000	0.03054030
matmul	DaCe	2000	0.03636090
matmul	DaCe	2000	0.02906455
matmul	DaCe	2000	0.02820136
matmul	DaCe	2000	0.03264017
matmul	DaCe	2000	0.02651385
matmul	DaCe	2000	0.03434997
matmul	DaCe	2000	0.03709215
matmul	DaCe	2000	0.02500353
matmul	DaCe	2000	0.03390145
matmul	DaCe	2000	0.03449254
matmul	DaCe	2000	0.02966139
matmul	DaCe	2000	0.03681647
matmul	DaCe	2000	0.03206405
matmul	DaCe	2000	0.02980743
matmul	DaCe	2000	0.03551055
matmul	DaCe	2000	0.03240429
matmul	DaCe	2000	0.02501879
matmul	DaCe	2000	0.03796021
matmul	DaCe	2000	0.02609987
matmul	DaCe	2000	0.03445725
matmul	DaCe	2000	0.04116688
matmul	DaCe	2000	0.03451268
matmul	DaCe	2000	0.03064289
matmul	DaCe	2000	0.04039413
matmul	DaCe	2000	0.02885296
matmul	DaCe	2000	0.03147568
matmul	DaCe	2000	0.03579241
matmul	DaCe	2000	0.03475681
matmul	DaCe	2000	0.02999973
matmul	DaCe	2000	0.03671656
matmul	DaCe	2000	0.03542653
matmul	DaCe	2000	0.03141406
matmul	DaCe	2000	0.02950194
matmul	DaCe	2000	0.04090475
matmul	DaCe	2000	0.03147837
matmul	DaCe	2000	0.03518192
matmul	DaCe	2000	0.04034836
matmul	DaCe	2000	0.03618840
matmul	DaCe	2000	0.03033783
matmul	DaCe	2000	0.03711067
matmul	DaCe	2000	0.03556254
matmul	DaCe	2000	0.03252414
matmul	DaCe	2000	0.03587684
matmul	DaCe	2000	0.03587273
matmul	DaCe	2000	0.03082607
matmul	DaCe	2000	0.03573640
matmul	DaCe	2000	0.03171185
matmul	DaCe	2000	0.03061943
matmul	DaCe	2000	0.03542650
matmul	DaCe	2000	0.03474870
matmul	DaCe	2000	0.03193479
matmul	DaCe	2000	0.05116303
matmul	DaCe	2000	0.03906537
matmul	DaCe	2000	0.03154025
matmul	DaCe	2000	0.04396978
matmul	DaCe	2000	0.03117696
matmul	DaCe	2000	0.06236083
matmul	DaCe	2000	0.04352272
matmul	DaCe	2000	0.05246080
matmul	DaCe	2000	0.04220171
matmul	DaCe	2000	0.03403309
matmul	DaCe	2000	0.03564116
matmul	DaCe	2000	0.05051771
matmul	DaCe	2000	0.03118196
matmul	DaCe	2000	0.03443101
matmul	DaCe	2000	0.03179343
matmul	DaCe	2000	0.03012015
